<?xml version="1.0" encoding="UTF-8"?>
<testng-results ignored="0" total="1" passed="1" failed="0" skipped="0">
  <reporter-output>
    <line>
      <![CDATA[lalala]]>
    </line>
  </reporter-output>
  <suite started-at="2018-11-26T08:28:17Z" name="Suite1" finished-at="2018-11-26T08:28:25Z" duration-ms="7123">
    <groups>
    </groups>
    <test started-at="2018-11-26T08:28:17Z" name="Nopackage" finished-at="2018-11-26T08:28:25Z" duration-ms="7123">
      <class name="com.webtes.demo.Admin_Login">
        <test-method is-config="true" signature="doBeforeSuite()[pri:0, instance:com.webtes.demo.Admin_Login@24aed80c]" started-at="2018-11-26T08:28:13Z" name="doBeforeSuite" finished-at="2018-11-26T08:28:17Z" duration-ms="4919" status="PASS">
          <reporter-output>
          </reporter-output>
        </test-method> <!-- doBeforeSuite -->
        <test-method signature="loginTest()[pri:0, instance:com.webtes.demo.Admin_Login@24aed80c]" started-at="2018-11-26T08:28:17Z" name="loginTest" description="登录" finished-at="2018-11-26T08:28:25Z" duration-ms="7108" status="PASS">
          <reporter-output>
            <line>
              <![CDATA[lalala]]>
            </line>
          </reporter-output>
        </test-method> <!-- loginTest -->
        <test-method is-config="true" signature="doAfterMethod()[pri:0, instance:com.webtes.demo.Admin_Login@24aed80c]" started-at="2018-11-26T08:28:25Z" name="doAfterMethod" finished-at="2018-11-26T08:28:44Z" duration-ms="19039" status="PASS">
          <reporter-output>
          </reporter-output>
        </test-method> <!-- doAfterMethod -->
      </class> <!-- com.webtes.demo.Admin_Login -->
    </test> <!-- Nopackage -->
  </suite> <!-- Suite1 -->
</testng-results>
