<html>
<head>
<title>TestNG:  personnel</title>
<link href="../testng.css" rel="stylesheet" type="text/css" />
<link href="../my-testng.css" rel="stylesheet" type="text/css" />

<style type="text/css">
.log { display: none;} 
.stack-trace { display: none;} 
</style>
<script type="text/javascript">
<!--
function flip(e) {
  current = e.style.display;
  if (current == 'block') {
    e.style.display = 'none';
    return 0;
  }
  else {
    e.style.display = 'block';
    return 1;
  }
}

function toggleBox(szDivId, elem, msg1, msg2)
{
  var res = -1;  if (document.getElementById) {
    res = flip(document.getElementById(szDivId));
  }
  else if (document.all) {
    // this is the way old msie versions work
    res = flip(document.all[szDivId]);
  }
  if(elem) {
    if(res == 0) elem.innerHTML = msg1; else elem.innerHTML = msg2;
  }

}

function toggleAllBoxes() {
  if (document.getElementsByTagName) {
    d = document.getElementsByTagName('div');
    for (i = 0; i < d.length; i++) {
      if (d[i].className == 'log') {
        flip(d[i]);
      }
    }
  }
}

// -->
</script>

</head>
<body>
<h2 align='center'>personnel</h2><table border='1' align="center">
<tr>
<td>Tests passed/Failed/Skipped:</td><td>62/6/6</td>
</tr><tr>
<td>Started on:</td><td>Fri Dec 07 08:47:45 CST 2018</td>
</tr>
<tr><td>Total time:</td><td>1975 seconds (1975988 ms)</td>
</tr><tr>
<td>Included groups:</td><td></td>
</tr><tr>
<td>Excluded groups:</td><td></td>
</tr>
</table><p/>
<small><i>(Hover the method name to see the test class name)</i></small><p/>
<table width='100%' border='1' class='invocation-failed'>
<tr><td colspan='4' align='center'><b>FAILED TESTS</b></td></tr>
<tr><td><b>Test method</b></td>
<td width="30%"><b>Exception</b></td>
<td width="10%"><b>Time (seconds)</b></td>
<td><b>Instance</b></td>
</tr>
<tr>
<td title='com.webtest.personnel.personnal_files.File_Output_Test.testOutputAll()'><b>testOutputAll</b><br>Test class: com.webtest.personnel.personnal_files.File_Output_Test</td>
<td><div><pre>java.lang.AssertionError: expected [true] but found [false]
	at com.webtest.personnel.action.File_Action.outputAll(Unknown Source)
	at com.webtest.personnel.personnal_files.File_Output_Test.testOutputAll(Unknown Source)
... Removed 30 stack frames</pre></div><a href='#' onClick='toggleBox("stack-trace253380088", this, "Click to show all stack frames", "Click to hide stack frames")'>Click to show all stack frames</a>
<div class='stack-trace' id='stack-trace253380088'><pre>java.lang.AssertionError: expected [true] but found [false]
	at org.testng.Assert.fail(Assert.java:96)
	at org.testng.Assert.failNotEquals(Assert.java:776)
	at org.testng.Assert.assertEqualsImpl(Assert.java:137)
	at org.testng.Assert.assertEquals(Assert.java:118)
	at org.testng.Assert.assertEquals(Assert.java:568)
	at org.testng.Assert.assertEquals(Assert.java:578)
	at com.webtest.personnel.action.File_Action.outputAll(Unknown Source)
	at com.webtest.personnel.personnal_files.File_Output_Test.testOutputAll(Unknown Source)
	at java.base/jdk.internal.reflect.NativeMethodAccessorImpl.invoke0(Native Method)
	at java.base/jdk.internal.reflect.NativeMethodAccessorImpl.invoke(NativeMethodAccessorImpl.java:62)
	at java.base/jdk.internal.reflect.DelegatingMethodAccessorImpl.invoke(DelegatingMethodAccessorImpl.java:43)
	at java.base/java.lang.reflect.Method.invoke(Method.java:564)
	at org.testng.internal.MethodInvocationHelper.invokeMethod(MethodInvocationHelper.java:124)
	at org.testng.internal.Invoker.invokeMethod(Invoker.java:580)
	at org.testng.internal.Invoker.invokeTestMethod(Invoker.java:716)
	at org.testng.internal.Invoker.invokeTestMethods(Invoker.java:988)
	at org.testng.internal.TestMethodWorker.invokeTestMethods(TestMethodWorker.java:125)
	at org.testng.internal.TestMethodWorker.run(TestMethodWorker.java:109)
	at org.testng.TestRunner.privateRun(TestRunner.java:648)
	at org.testng.TestRunner.run(TestRunner.java:505)
	at org.testng.SuiteRunner.runTest(SuiteRunner.java:455)
	at org.testng.SuiteRunner.runSequentially(SuiteRunner.java:450)
	at org.testng.SuiteRunner.privateRun(SuiteRunner.java:415)
	at org.testng.SuiteRunner.run(SuiteRunner.java:364)
	at org.testng.SuiteRunnerWorker.runSuite(SuiteRunnerWorker.java:52)
	at org.testng.SuiteRunnerWorker.run(SuiteRunnerWorker.java:84)
	at org.testng.TestNG.runSuitesSequentially(TestNG.java:1208)
	at org.testng.TestNG.runSuitesLocally(TestNG.java:1137)
	at org.testng.TestNG.runSuites(TestNG.java:1049)
	at org.testng.TestNG.run(TestNG.java:1017)
	at org.testng.TestNG.privateMain(TestNG.java:1354)
	at org.testng.TestNG.main(TestNG.java:1323)
</pre></div></td>
<td>16</td>
<td>com.webtest.personnel.personnal_files.File_Output_Test@6e509ffa</td></tr>
<tr>
<td title='com.webtest.personnel.personnal_files.File_Output_Test.testOutputCurrent()'><b>testOutputCurrent</b><br>Test class: com.webtest.personnel.personnal_files.File_Output_Test</td>
<td><div><pre>java.lang.AssertionError: expected [true] but found [false]
	at com.webtest.personnel.action.File_Action.outputCurrent(Unknown Source)
	at com.webtest.personnel.personnal_files.File_Output_Test.testOutputCurrent(Unknown Source)
... Removed 30 stack frames</pre></div><a href='#' onClick='toggleBox("stack-trace719146276", this, "Click to show all stack frames", "Click to hide stack frames")'>Click to show all stack frames</a>
<div class='stack-trace' id='stack-trace719146276'><pre>java.lang.AssertionError: expected [true] but found [false]
	at org.testng.Assert.fail(Assert.java:96)
	at org.testng.Assert.failNotEquals(Assert.java:776)
	at org.testng.Assert.assertEqualsImpl(Assert.java:137)
	at org.testng.Assert.assertEquals(Assert.java:118)
	at org.testng.Assert.assertEquals(Assert.java:568)
	at org.testng.Assert.assertEquals(Assert.java:578)
	at com.webtest.personnel.action.File_Action.outputCurrent(Unknown Source)
	at com.webtest.personnel.personnal_files.File_Output_Test.testOutputCurrent(Unknown Source)
	at java.base/jdk.internal.reflect.NativeMethodAccessorImpl.invoke0(Native Method)
	at java.base/jdk.internal.reflect.NativeMethodAccessorImpl.invoke(NativeMethodAccessorImpl.java:62)
	at java.base/jdk.internal.reflect.DelegatingMethodAccessorImpl.invoke(DelegatingMethodAccessorImpl.java:43)
	at java.base/java.lang.reflect.Method.invoke(Method.java:564)
	at org.testng.internal.MethodInvocationHelper.invokeMethod(MethodInvocationHelper.java:124)
	at org.testng.internal.Invoker.invokeMethod(Invoker.java:580)
	at org.testng.internal.Invoker.invokeTestMethod(Invoker.java:716)
	at org.testng.internal.Invoker.invokeTestMethods(Invoker.java:988)
	at org.testng.internal.TestMethodWorker.invokeTestMethods(TestMethodWorker.java:125)
	at org.testng.internal.TestMethodWorker.run(TestMethodWorker.java:109)
	at org.testng.TestRunner.privateRun(TestRunner.java:648)
	at org.testng.TestRunner.run(TestRunner.java:505)
	at org.testng.SuiteRunner.runTest(SuiteRunner.java:455)
	at org.testng.SuiteRunner.runSequentially(SuiteRunner.java:450)
	at org.testng.SuiteRunner.privateRun(SuiteRunner.java:415)
	at org.testng.SuiteRunner.run(SuiteRunner.java:364)
	at org.testng.SuiteRunnerWorker.runSuite(SuiteRunnerWorker.java:52)
	at org.testng.SuiteRunnerWorker.run(SuiteRunnerWorker.java:84)
	at org.testng.TestNG.runSuitesSequentially(TestNG.java:1208)
	at org.testng.TestNG.runSuitesLocally(TestNG.java:1137)
	at org.testng.TestNG.runSuites(TestNG.java:1049)
	at org.testng.TestNG.run(TestNG.java:1017)
	at org.testng.TestNG.privateMain(TestNG.java:1354)
	at org.testng.TestNG.main(TestNG.java:1323)
</pre></div></td>
<td>16</td>
<td>com.webtest.personnel.personnal_files.File_Output_Test@6e509ffa</td></tr>
<tr>
<td title='com.webtest.renwu.sousuo.testSearch()'><b>testSearch</b><br>Test class: com.webtest.renwu.sousuo</td>
<td><div><pre>java.lang.AssertionError: expected [true] but found [false]
	at com.webtest.renwu.sousuo.testSearch(Unknown Source)
... Removed 28 stack frames</pre></div><a href='#' onClick='toggleBox("stack-trace1907178890", this, "Click to show all stack frames", "Click to hide stack frames")'>Click to show all stack frames</a>
<div class='stack-trace' id='stack-trace1907178890'><pre>java.lang.AssertionError: expected [true] but found [false]
	at org.testng.Assert.fail(Assert.java:96)
	at org.testng.Assert.failNotEquals(Assert.java:776)
	at org.testng.Assert.assertTrue(Assert.java:44)
	at org.testng.Assert.assertTrue(Assert.java:54)
	at com.webtest.renwu.sousuo.testSearch(Unknown Source)
	at java.base/jdk.internal.reflect.NativeMethodAccessorImpl.invoke0(Native Method)
	at java.base/jdk.internal.reflect.NativeMethodAccessorImpl.invoke(NativeMethodAccessorImpl.java:62)
	at java.base/jdk.internal.reflect.DelegatingMethodAccessorImpl.invoke(DelegatingMethodAccessorImpl.java:43)
	at java.base/java.lang.reflect.Method.invoke(Method.java:564)
	at org.testng.internal.MethodInvocationHelper.invokeMethod(MethodInvocationHelper.java:124)
	at org.testng.internal.Invoker.invokeMethod(Invoker.java:580)
	at org.testng.internal.Invoker.invokeTestMethod(Invoker.java:716)
	at org.testng.internal.Invoker.invokeTestMethods(Invoker.java:988)
	at org.testng.internal.TestMethodWorker.invokeTestMethods(TestMethodWorker.java:125)
	at org.testng.internal.TestMethodWorker.run(TestMethodWorker.java:109)
	at org.testng.TestRunner.privateRun(TestRunner.java:648)
	at org.testng.TestRunner.run(TestRunner.java:505)
	at org.testng.SuiteRunner.runTest(SuiteRunner.java:455)
	at org.testng.SuiteRunner.runSequentially(SuiteRunner.java:450)
	at org.testng.SuiteRunner.privateRun(SuiteRunner.java:415)
	at org.testng.SuiteRunner.run(SuiteRunner.java:364)
	at org.testng.SuiteRunnerWorker.runSuite(SuiteRunnerWorker.java:52)
	at org.testng.SuiteRunnerWorker.run(SuiteRunnerWorker.java:84)
	at org.testng.TestNG.runSuitesSequentially(TestNG.java:1208)
	at org.testng.TestNG.runSuitesLocally(TestNG.java:1137)
	at org.testng.TestNG.runSuites(TestNG.java:1049)
	at org.testng.TestNG.run(TestNG.java:1017)
	at org.testng.TestNG.privateMain(TestNG.java:1354)
	at org.testng.TestNG.main(TestNG.java:1323)
</pre></div></td>
<td>44</td>
<td>com.webtest.renwu.sousuo@fd07cbb</td></tr>
<tr>
<td title='com.webtest.xinhu_personal.Addnotice_time.testTime()'><b>testTime</b><br>Test class: com.webtest.xinhu_personal.Addnotice_time<br>Parameters: 2019-04-05, 日期不存在</td>
<td><div><pre>java.lang.AssertionError: expected [true] but found [false]
	at com.webtest.xinhu_personal.Addnotice_time.testTime(Unknown Source)
... Removed 28 stack frames</pre></div><a href='#' onClick='toggleBox("stack-trace1803714790", this, "Click to show all stack frames", "Click to hide stack frames")'>Click to show all stack frames</a>
<div class='stack-trace' id='stack-trace1803714790'><pre>java.lang.AssertionError: expected [true] but found [false]
	at org.testng.Assert.fail(Assert.java:96)
	at org.testng.Assert.failNotEquals(Assert.java:776)
	at org.testng.Assert.assertTrue(Assert.java:44)
	at org.testng.Assert.assertTrue(Assert.java:54)
	at com.webtest.xinhu_personal.Addnotice_time.testTime(Unknown Source)
	at java.base/jdk.internal.reflect.NativeMethodAccessorImpl.invoke0(Native Method)
	at java.base/jdk.internal.reflect.NativeMethodAccessorImpl.invoke(NativeMethodAccessorImpl.java:62)
	at java.base/jdk.internal.reflect.DelegatingMethodAccessorImpl.invoke(DelegatingMethodAccessorImpl.java:43)
	at java.base/java.lang.reflect.Method.invoke(Method.java:564)
	at org.testng.internal.MethodInvocationHelper.invokeMethod(MethodInvocationHelper.java:124)
	at org.testng.internal.Invoker.invokeMethod(Invoker.java:580)
	at org.testng.internal.Invoker.invokeTestMethod(Invoker.java:716)
	at org.testng.internal.Invoker.invokeTestMethods(Invoker.java:988)
	at org.testng.internal.TestMethodWorker.invokeTestMethods(TestMethodWorker.java:125)
	at org.testng.internal.TestMethodWorker.run(TestMethodWorker.java:109)
	at org.testng.TestRunner.privateRun(TestRunner.java:648)
	at org.testng.TestRunner.run(TestRunner.java:505)
	at org.testng.SuiteRunner.runTest(SuiteRunner.java:455)
	at org.testng.SuiteRunner.runSequentially(SuiteRunner.java:450)
	at org.testng.SuiteRunner.privateRun(SuiteRunner.java:415)
	at org.testng.SuiteRunner.run(SuiteRunner.java:364)
	at org.testng.SuiteRunnerWorker.runSuite(SuiteRunnerWorker.java:52)
	at org.testng.SuiteRunnerWorker.run(SuiteRunnerWorker.java:84)
	at org.testng.TestNG.runSuitesSequentially(TestNG.java:1208)
	at org.testng.TestNG.runSuitesLocally(TestNG.java:1137)
	at org.testng.TestNG.runSuites(TestNG.java:1049)
	at org.testng.TestNG.run(TestNG.java:1017)
	at org.testng.TestNG.privateMain(TestNG.java:1354)
	at org.testng.TestNG.main(TestNG.java:1323)
</pre></div></td>
<td>16</td>
<td>com.webtest.xinhu_personal.Addnotice_time@a1cdc6d</td></tr>
<tr>
<td title='com.webtest.xinhu_personal.Addnotice_time.testTime()'><b>testTime</b><br>Test class: com.webtest.xinhu_personal.Addnotice_time<br>Parameters: 16-7-8, 日期格式有误</td>
<td><div><pre>java.lang.AssertionError: expected [true] but found [false]
	at com.webtest.xinhu_personal.Addnotice_time.testTime(Unknown Source)
... Removed 28 stack frames</pre></div><a href='#' onClick='toggleBox("stack-trace1825662118", this, "Click to show all stack frames", "Click to hide stack frames")'>Click to show all stack frames</a>
<div class='stack-trace' id='stack-trace1825662118'><pre>java.lang.AssertionError: expected [true] but found [false]
	at org.testng.Assert.fail(Assert.java:96)
	at org.testng.Assert.failNotEquals(Assert.java:776)
	at org.testng.Assert.assertTrue(Assert.java:44)
	at org.testng.Assert.assertTrue(Assert.java:54)
	at com.webtest.xinhu_personal.Addnotice_time.testTime(Unknown Source)
	at java.base/jdk.internal.reflect.NativeMethodAccessorImpl.invoke0(Native Method)
	at java.base/jdk.internal.reflect.NativeMethodAccessorImpl.invoke(NativeMethodAccessorImpl.java:62)
	at java.base/jdk.internal.reflect.DelegatingMethodAccessorImpl.invoke(DelegatingMethodAccessorImpl.java:43)
	at java.base/java.lang.reflect.Method.invoke(Method.java:564)
	at org.testng.internal.MethodInvocationHelper.invokeMethod(MethodInvocationHelper.java:124)
	at org.testng.internal.Invoker.invokeMethod(Invoker.java:580)
	at org.testng.internal.Invoker.invokeTestMethod(Invoker.java:716)
	at org.testng.internal.Invoker.invokeTestMethods(Invoker.java:988)
	at org.testng.internal.TestMethodWorker.invokeTestMethods(TestMethodWorker.java:125)
	at org.testng.internal.TestMethodWorker.run(TestMethodWorker.java:109)
	at org.testng.TestRunner.privateRun(TestRunner.java:648)
	at org.testng.TestRunner.run(TestRunner.java:505)
	at org.testng.SuiteRunner.runTest(SuiteRunner.java:455)
	at org.testng.SuiteRunner.runSequentially(SuiteRunner.java:450)
	at org.testng.SuiteRunner.privateRun(SuiteRunner.java:415)
	at org.testng.SuiteRunner.run(SuiteRunner.java:364)
	at org.testng.SuiteRunnerWorker.runSuite(SuiteRunnerWorker.java:52)
	at org.testng.SuiteRunnerWorker.run(SuiteRunnerWorker.java:84)
	at org.testng.TestNG.runSuitesSequentially(TestNG.java:1208)
	at org.testng.TestNG.runSuitesLocally(TestNG.java:1137)
	at org.testng.TestNG.runSuites(TestNG.java:1049)
	at org.testng.TestNG.run(TestNG.java:1017)
	at org.testng.TestNG.privateMain(TestNG.java:1354)
	at org.testng.TestNG.main(TestNG.java:1323)
</pre></div></td>
<td>16</td>
<td>com.webtest.xinhu_personal.Addnotice_time@a1cdc6d</td></tr>
<tr>
<td title='com.webtest.xingzheng.TestPart1_wupin.test_a5()'><b>test_a5</b><br>Test class: com.webtest.xingzheng.TestPart1_wupin</td>
<td><div><pre>org.openqa.selenium.InvalidElementStateException: Element is not enabled
Build info: version: &apos;3.6.0&apos;, revision: &apos;6fbf3ec767&apos;, time: &apos;2017-09-27T16:15:40.131Z&apos;
System info: host: &apos;DESKTOP-JAB7ISN&apos;, ip: &apos;169.254.133.219&apos;, os.name: &apos;Windows 10&apos;, os.arch: &apos;amd64&apos;, os.version: &apos;10.0&apos;, java.version: &apos;9.0.4&apos;
Driver info: org.openqa.selenium.firefox.FirefoxDriver
Capabilities [{moz:profile=C:\Users\DELL\AppData\Local\Temp\rust_mozprofile.2RMrQjvus1lX, rotatable=false, timeouts={implicit=0, pageLoad=300000, script=30000}, pageLoadStrategy=normal, moz:headless=false, platform=XP, specificationLevel=0, moz:accessibilityChecks=false, acceptInsecureCerts=true, browserVersion=56.0, platformVersion=10.0, moz:processID=5364, browserName=firefox, javascriptEnabled=true, platformName=XP}]
Session ID: 2ae9b635-ac1c-4762-8190-82334604f0de
	at org.openqa.selenium.remote.http.W3CHttpResponseCodec.createException(W3CHttpResponseCodec.java:185)
	at org.openqa.selenium.remote.http.W3CHttpResponseCodec.decode(W3CHttpResponseCodec.java:120)
	at org.openqa.selenium.remote.http.W3CHttpResponseCodec.decode(W3CHttpResponseCodec.java:49)
	at org.openqa.selenium.remote.HttpCommandExecutor.execute(HttpCommandExecutor.java:164)
	at org.openqa.selenium.remote.service.DriverCommandExecutor.execute(DriverCommandExecutor.java:83)
	at org.openqa.selenium.remote.RemoteWebDriver.execute(RemoteWebDriver.java:586)
	at org.openqa.selenium.remote.RemoteWebElement.execute(RemoteWebElement.java:279)
	at org.openqa.selenium.remote.RemoteWebElement.click(RemoteWebElement.java:83)
	at com.webtest.core.WebDriverEngine.click(Unknown Source)
	at com.webtest.xingzheng.TestPart1_wupin.test_a5(Unknown Source)
... Removed 28 stack frames</pre></div><a href='#' onClick='toggleBox("stack-trace618696025", this, "Click to show all stack frames", "Click to hide stack frames")'>Click to show all stack frames</a>
<div class='stack-trace' id='stack-trace618696025'><pre>org.openqa.selenium.InvalidElementStateException: Element is not enabled
Build info: version: &apos;3.6.0&apos;, revision: &apos;6fbf3ec767&apos;, time: &apos;2017-09-27T16:15:40.131Z&apos;
System info: host: &apos;DESKTOP-JAB7ISN&apos;, ip: &apos;169.254.133.219&apos;, os.name: &apos;Windows 10&apos;, os.arch: &apos;amd64&apos;, os.version: &apos;10.0&apos;, java.version: &apos;9.0.4&apos;
Driver info: org.openqa.selenium.firefox.FirefoxDriver
Capabilities [{moz:profile=C:\Users\DELL\AppData\Local\Temp\rust_mozprofile.2RMrQjvus1lX, rotatable=false, timeouts={implicit=0, pageLoad=300000, script=30000}, pageLoadStrategy=normal, moz:headless=false, platform=XP, specificationLevel=0, moz:accessibilityChecks=false, acceptInsecureCerts=true, browserVersion=56.0, platformVersion=10.0, moz:processID=5364, browserName=firefox, javascriptEnabled=true, platformName=XP}]
Session ID: 2ae9b635-ac1c-4762-8190-82334604f0de
	at java.base/jdk.internal.reflect.NativeConstructorAccessorImpl.newInstance0(Native Method)
	at java.base/jdk.internal.reflect.NativeConstructorAccessorImpl.newInstance(NativeConstructorAccessorImpl.java:62)
	at java.base/jdk.internal.reflect.DelegatingConstructorAccessorImpl.newInstance(DelegatingConstructorAccessorImpl.java:45)
	at java.base/java.lang.reflect.Constructor.newInstance(Constructor.java:488)
	at org.openqa.selenium.remote.http.W3CHttpResponseCodec.createException(W3CHttpResponseCodec.java:185)
	at org.openqa.selenium.remote.http.W3CHttpResponseCodec.decode(W3CHttpResponseCodec.java:120)
	at org.openqa.selenium.remote.http.W3CHttpResponseCodec.decode(W3CHttpResponseCodec.java:49)
	at org.openqa.selenium.remote.HttpCommandExecutor.execute(HttpCommandExecutor.java:164)
	at org.openqa.selenium.remote.service.DriverCommandExecutor.execute(DriverCommandExecutor.java:83)
	at org.openqa.selenium.remote.RemoteWebDriver.execute(RemoteWebDriver.java:586)
	at org.openqa.selenium.remote.RemoteWebElement.execute(RemoteWebElement.java:279)
	at org.openqa.selenium.remote.RemoteWebElement.click(RemoteWebElement.java:83)
	at com.webtest.core.WebDriverEngine.click(Unknown Source)
	at com.webtest.xingzheng.TestPart1_wupin.test_a5(Unknown Source)
	at java.base/jdk.internal.reflect.NativeMethodAccessorImpl.invoke0(Native Method)
	at java.base/jdk.internal.reflect.NativeMethodAccessorImpl.invoke(NativeMethodAccessorImpl.java:62)
	at java.base/jdk.internal.reflect.DelegatingMethodAccessorImpl.invoke(DelegatingMethodAccessorImpl.java:43)
	at java.base/java.lang.reflect.Method.invoke(Method.java:564)
	at org.testng.internal.MethodInvocationHelper.invokeMethod(MethodInvocationHelper.java:124)
	at org.testng.internal.Invoker.invokeMethod(Invoker.java:580)
	at org.testng.internal.Invoker.invokeTestMethod(Invoker.java:716)
	at org.testng.internal.Invoker.invokeTestMethods(Invoker.java:988)
	at org.testng.internal.TestMethodWorker.invokeTestMethods(TestMethodWorker.java:125)
	at org.testng.internal.TestMethodWorker.run(TestMethodWorker.java:109)
	at org.testng.TestRunner.privateRun(TestRunner.java:648)
	at org.testng.TestRunner.run(TestRunner.java:505)
	at org.testng.SuiteRunner.runTest(SuiteRunner.java:455)
	at org.testng.SuiteRunner.runSequentially(SuiteRunner.java:450)
	at org.testng.SuiteRunner.privateRun(SuiteRunner.java:415)
	at org.testng.SuiteRunner.run(SuiteRunner.java:364)
	at org.testng.SuiteRunnerWorker.runSuite(SuiteRunnerWorker.java:52)
	at org.testng.SuiteRunnerWorker.run(SuiteRunnerWorker.java:84)
	at org.testng.TestNG.runSuitesSequentially(TestNG.java:1208)
	at org.testng.TestNG.runSuitesLocally(TestNG.java:1137)
	at org.testng.TestNG.runSuites(TestNG.java:1049)
	at org.testng.TestNG.run(TestNG.java:1017)
	at org.testng.TestNG.privateMain(TestNG.java:1354)
	at org.testng.TestNG.main(TestNG.java:1323)
</pre></div></td>
<td>3</td>
<td>com.webtest.xingzheng.TestPart1_wupin@2118cddf</td></tr>
</table><p>
<table width='100%' border='1' class='invocation-passed'>
<tr><td colspan='4' align='center'><b>PASSED TESTS</b></td></tr>
<tr><td><b>Test method</b></td>
<td width="30%"><b>Exception</b></td>
<td width="10%"><b>Time (seconds)</b></td>
<td><b>Instance</b></td>
</tr>
<tr>
<td title='com.webtest.customer.test.Search_test.Search()'><b>Search</b><br>Test class: com.webtest.customer.test.Search_test</td>
<td></td>
<td>7</td>
<td>com.webtest.customer.test.Search_test@672872e1</td></tr>
<tr>
<td title='com.webtest.xinhu_personal.AddrList.addrList()'><b>addrList</b><br>Test class: com.webtest.xinhu_personal.AddrList</td>
<td></td>
<td>9</td>
<td>com.webtest.xinhu_personal.AddrList@6a03bcb1</td></tr>
<tr>
<td title='com.webtest.customer.test.HighSearch_test.custname()'><b>custname</b><br>Test class: com.webtest.customer.test.HighSearch_test</td>
<td></td>
<td>11</td>
<td>com.webtest.customer.test.HighSearch_test@76ed1b7c</td></tr>
<tr>
<td title='com.webtest.customer.test.CaoZuo_test.delete()'><b>delete</b><br>Test class: com.webtest.customer.test.CaoZuo_test<br>Parameters: 2</td>
<td></td>
<td>14</td>
<td>com.webtest.customer.test.CaoZuo_test@68567e20</td></tr>
<tr>
<td title='com.webtest.customer.test.CaoZuo_test.detil()'><b>detil</b><br>Test class: com.webtest.customer.test.CaoZuo_test<br>Parameters: 2</td>
<td></td>
<td>13</td>
<td>com.webtest.customer.test.CaoZuo_test@68567e20</td></tr>
<tr>
<td title='com.webtest.xinhu_personal.ReInfor.enterInfor()'><b>enterInfor</b><br>Test class: com.webtest.xinhu_personal.ReInfor</td>
<td></td>
<td>9</td>
<td>com.webtest.xinhu_personal.ReInfor@57250572</td></tr>
<tr>
<td title='com.webtest.xinhu_personal.Addnotice_time.enterNotice()'><b>enterNotice</b><br>Test class: com.webtest.xinhu_personal.Addnotice_time</td>
<td></td>
<td>6</td>
<td>com.webtest.xinhu_personal.Addnotice_time@a1cdc6d</td></tr>
<tr>
<td title='com.webtest.xinhu_personal.Addnotice.enterNotice()'><b>enterNotice</b><br>Test class: com.webtest.xinhu_personal.Addnotice</td>
<td></td>
<td>6</td>
<td>com.webtest.xinhu_personal.Addnotice@3098cf3b</td></tr>
<tr>
<td title='com.webtest.customer.test.HighSearch_test.htshu()'><b>htshu</b><br>Test class: com.webtest.customer.test.HighSearch_test</td>
<td></td>
<td>10</td>
<td>com.webtest.customer.test.HighSearch_test@76ed1b7c</td></tr>
<tr>
<td title='com.webtest.xinhu_personal.Login.login()'><b>login</b><br>Test class: com.webtest.xinhu_personal.Login<br>Parameters: adyom, 123456aa, 用户不存在</td>
<td></td>
<td>3</td>
<td>com.webtest.xinhu_personal.Login@21b2e768</td></tr>
<tr>
<td title='com.webtest.xinhu_personal.Login.login()'><b>login</b><br>Test class: com.webtest.xinhu_personal.Login<br>Parameters: admin, 12345, 密码不对</td>
<td></td>
<td>3</td>
<td>com.webtest.xinhu_personal.Login@21b2e768</td></tr>
<tr>
<td title='com.webtest.xinhu_personal.Login.login()'><b>login</b><br>Test class: com.webtest.xinhu_personal.Login<br>Parameters: , 123456aa, 用户名不能为空</td>
<td></td>
<td>3</td>
<td>com.webtest.xinhu_personal.Login@21b2e768</td></tr>
<tr>
<td title='com.webtest.xinhu_personal.Login.login()'><b>login</b><br>Test class: com.webtest.xinhu_personal.Login<br>Parameters: admin, , 密码不能为空</td>
<td></td>
<td>3</td>
<td>com.webtest.xinhu_personal.Login@21b2e768</td></tr>
<tr>
<td title='com.webtest.xinhu_personal.AddrList.login1()'><b>login1</b><br>Test class: com.webtest.xinhu_personal.AddrList</td>
<td></td>
<td>7</td>
<td>com.webtest.xinhu_personal.AddrList@6a03bcb1</td></tr>
<tr>
<td title='com.webtest.xinhu_personal.Addnotice.login2()'><b>login2</b><br>Test class: com.webtest.xinhu_personal.Addnotice</td>
<td></td>
<td>10</td>
<td>com.webtest.xinhu_personal.Addnotice@3098cf3b</td></tr>
<tr>
<td title='com.webtest.xinhu_personal.ReInfor.login3()'><b>login3</b><br>Test class: com.webtest.xinhu_personal.ReInfor</td>
<td></td>
<td>8</td>
<td>com.webtest.xinhu_personal.ReInfor@57250572</td></tr>
<tr>
<td title='com.webtest.xinhu_personal.Addnotice_time.login4()'><b>login4</b><br>Test class: com.webtest.xinhu_personal.Addnotice_time</td>
<td></td>
<td>8</td>
<td>com.webtest.xinhu_personal.Addnotice_time@a1cdc6d</td></tr>
<tr>
<td title='com.webtest.xinhu_personal.Login.loginsuccess()'><b>loginsuccess</b><br>Test class: com.webtest.xinhu_personal.Login</td>
<td></td>
<td>3</td>
<td>com.webtest.xinhu_personal.Login@21b2e768</td></tr>
<tr>
<td title='com.webtest.customer.test.HighSearch_test.mobile()'><b>mobile</b><br>Test class: com.webtest.customer.test.HighSearch_test</td>
<td></td>
<td>10</td>
<td>com.webtest.customer.test.HighSearch_test@76ed1b7c</td></tr>
<tr>
<td title='com.webtest.customer.test.HighSearch_test.moneyz()'><b>moneyz</b><br>Test class: com.webtest.customer.test.HighSearch_test</td>
<td></td>
<td>10</td>
<td>com.webtest.customer.test.HighSearch_test@76ed1b7c</td></tr>
<tr>
<td title='com.webtest.xinhu_personal.Login.openBrower()'><b>openBrower</b><br>Test class: com.webtest.xinhu_personal.Login</td>
<td></td>
<td>4</td>
<td>com.webtest.xinhu_personal.Login@21b2e768</td></tr>
<tr>
<td title='com.webtest.xinhu_personal.ReInfor.reInfor1()'><b>reInfor1</b><br>Test class: com.webtest.xinhu_personal.ReInfor</td>
<td></td>
<td>3</td>
<td>com.webtest.xinhu_personal.ReInfor@57250572</td></tr>
<tr>
<td title='com.webtest.xinhu_personal.ReInfor.reInfor2()'><b>reInfor2</b><br>Test class: com.webtest.xinhu_personal.ReInfor</td>
<td></td>
<td>45</td>
<td>com.webtest.xinhu_personal.ReInfor@57250572</td></tr>
<tr>
<td title='com.webtest.customer.test.Redata_test.redata()'><b>redata</b><br>Test class: com.webtest.customer.test.Redata_test</td>
<td></td>
<td>3</td>
<td>com.webtest.customer.test.Redata_test@fa36558</td></tr>
<tr>
<td title='com.webtest.xinhu_personal.AddrList.searchList()'><b>searchList</b><br>Test class: com.webtest.xinhu_personal.AddrList<br>Parameters: 曹操</td>
<td></td>
<td>3</td>
<td>com.webtest.xinhu_personal.AddrList@6a03bcb1</td></tr>
<tr>
<td title='com.webtest.xinhu_personal.AddrList.searchList()'><b>searchList</b><br>Test class: com.webtest.xinhu_personal.AddrList<br>Parameters: 亮</td>
<td></td>
<td>3</td>
<td>com.webtest.xinhu_personal.AddrList@6a03bcb1</td></tr>
<tr>
<td title='com.webtest.xinhu_personal.AddrList.searchList()'><b>searchList</b><br>Test class: com.webtest.xinhu_personal.AddrList<br>Parameters: 曹</td>
<td></td>
<td>3</td>
<td>com.webtest.xinhu_personal.AddrList@6a03bcb1</td></tr>
<tr>
<td title='com.webtest.customer.test.CaoZuo_test.share()'><b>share</b><br>Test class: com.webtest.customer.test.CaoZuo_test<br>Parameters: 2</td>
<td></td>
<td>7</td>
<td>com.webtest.customer.test.CaoZuo_test@68567e20</td></tr>
<tr>
<td title='com.webtest.customer.test.Share_Search_test.share_search()'><b>share_search</b><br>Test class: com.webtest.customer.test.Share_Search_test<br>Parameters: 2</td>
<td></td>
<td>14</td>
<td>com.webtest.customer.test.Share_Search_test@32910148</td></tr>
<tr>
<td title='com.webtest.liucheng.test5.test()'><b>test</b><br>Test class: com.webtest.liucheng.test5</td>
<td></td>
<td>17</td>
<td>com.webtest.liucheng.test5@548e6d58</td></tr>
<tr>
<td title='com.webtest.liucheng.test6.test()'><b>test</b><br>Test class: com.webtest.liucheng.test6</td>
<td></td>
<td>9</td>
<td>com.webtest.liucheng.test6@623a8092</td></tr>
<tr>
<td title='com.webtest.liucheng.test2.test1()'><b>test1</b><br>Test class: com.webtest.liucheng.test2</td>
<td></td>
<td>16</td>
<td>com.webtest.liucheng.test2@6a2b953e</td></tr>
<tr>
<td title='com.webtest.liucheng.test3.test1()'><b>test1</b><br>Test class: com.webtest.liucheng.test3</td>
<td></td>
<td>13</td>
<td>com.webtest.liucheng.test3@313b2ea6</td></tr>
<tr>
<td title='com.webtest.liucheng.test4.test1()'><b>test1</b><br>Test class: com.webtest.liucheng.test4</td>
<td></td>
<td>14</td>
<td>com.webtest.liucheng.test4@2f465398</td></tr>
<tr>
<td title='com.webtest.liucheng.test2.test2()'><b>test2</b><br>Test class: com.webtest.liucheng.test2</td>
<td></td>
<td>12</td>
<td>com.webtest.liucheng.test2@6a2b953e</td></tr>
<tr>
<td title='com.webtest.liucheng.test3.test2()'><b>test2</b><br>Test class: com.webtest.liucheng.test3</td>
<td></td>
<td>24</td>
<td>com.webtest.liucheng.test3@313b2ea6</td></tr>
<tr>
<td title='com.webtest.liucheng.test2.test3()'><b>test3</b><br>Test class: com.webtest.liucheng.test2</td>
<td></td>
<td>12</td>
<td>com.webtest.liucheng.test2@6a2b953e</td></tr>
<tr>
<td title='com.webtest.liucheng.test2.test4()'><b>test4</b><br>Test class: com.webtest.liucheng.test2</td>
<td></td>
<td>12</td>
<td>com.webtest.liucheng.test2@6a2b953e</td></tr>
<tr>
<td title='com.webtest.liucheng.test2.test5()'><b>test5</b><br>Test class: com.webtest.liucheng.test2</td>
<td></td>
<td>16</td>
<td>com.webtest.liucheng.test2@6a2b953e</td></tr>
<tr>
<td title='com.webtest.liucheng.test2.test6()'><b>test6</b><br>Test class: com.webtest.liucheng.test2</td>
<td></td>
<td>12</td>
<td>com.webtest.liucheng.test2@6a2b953e</td></tr>
<tr>
<td title='com.webtest.personnel.personnal_files.Add_Test.testAddOutRecord()'><b>testAddOutRecord</b><br>Test class: com.webtest.personnel.personnal_files.Add_Test</td>
<td></td>
<td>29</td>
<td>com.webtest.personnel.personnal_files.Add_Test@2638011</td></tr>
<tr>
<td title='com.webtest.personnel.personnal_files.File_AdvancedSearch_Test.testAdvancedSearch()'><b>testAdvancedSearch</b><br>Test class: com.webtest.personnel.personnal_files.File_AdvancedSearch_Test</td>
<td></td>
<td>31</td>
<td>com.webtest.personnel.personnal_files.File_AdvancedSearch_Test@15ca7889</td></tr>
<tr>
<td title='com.webtest.personnel.personnal_files.File_Flush_Test.testFlush()'><b>testFlush</b><br>Test class: com.webtest.personnel.personnal_files.File_Flush_Test</td>
<td></td>
<td>16</td>
<td>com.webtest.personnel.personnal_files.File_Flush_Test@7a675056</td></tr>
<tr>
<td title='com.webtest.personnel.personnal_files.Add_Test.testNewContract()'><b>testNewContract</b><br>Test class: com.webtest.personnel.personnal_files.Add_Test</td>
<td></td>
<td>42</td>
<td>com.webtest.personnel.personnal_files.Add_Test@2638011</td></tr>
<tr>
<td title='com.webtest.personnel.personnal_files.File_Operation_Test.testOperatioinAddremind()'><b>testOperatioinAddremind</b><br>Test class: com.webtest.personnel.personnal_files.File_Operation_Test</td>
<td></td>
<td>25</td>
<td>com.webtest.personnel.personnal_files.File_Operation_Test@d21a74c</td></tr>
<tr>
<td title='com.webtest.personnel.personnal_files.File_Operation_Test.testOperationComment()'><b>testOperationComment</b><br>Test class: com.webtest.personnel.personnal_files.File_Operation_Test</td>
<td></td>
<td>22</td>
<td>com.webtest.personnel.personnal_files.File_Operation_Test@d21a74c</td></tr>
<tr>
<td title='com.webtest.personnel.personnal_files.File_Operation_Test.testOperationDetails()'><b>testOperationDetails</b><br>Test class: com.webtest.personnel.personnal_files.File_Operation_Test</td>
<td></td>
<td>22</td>
<td>com.webtest.personnel.personnal_files.File_Operation_Test@d21a74c</td></tr>
<tr>
<td title='com.webtest.personnel.personnal_files.File_Search_Test.testSearch()'><b>testSearch</b><br>Test class: com.webtest.personnel.personnal_files.File_Search_Test</td>
<td></td>
<td>19</td>
<td>com.webtest.personnel.personnal_files.File_Search_Test@2898ac89</td></tr>
<tr>
<td title='com.webtest.renwu.pingfen.testSearch()'><b>testSearch</b><br>Test class: com.webtest.renwu.pingfen</td>
<td></td>
<td>39</td>
<td>com.webtest.renwu.pingfen@3f56875e</td></tr>
<tr>
<td title='com.webtest.renwu.rank.testSearch()'><b>testSearch</b><br>Test class: com.webtest.renwu.rank</td>
<td></td>
<td>33</td>
<td>com.webtest.renwu.rank@2b4bac49</td></tr>
<tr>
<td title='com.webtest.renwu.xinjian.testSearch()'><b>testSearch</b><br>Test class: com.webtest.renwu.xinjian</td>
<td></td>
<td>76</td>
<td>com.webtest.renwu.xinjian@3571b748</td></tr>
<tr>
<td title='com.webtest.personnel.personnal_files.File_SelectStatus_Test.testSelectStatus()'><b>testSelectStatus</b><br>Test class: com.webtest.personnel.personnal_files.File_SelectStatus_Test</td>
<td></td>
<td>19</td>
<td>com.webtest.personnel.personnal_files.File_SelectStatus_Test@683dbc2c</td></tr>
<tr>
<td title='com.webtest.personnel.personnal_files.File_Subscript_Test.testSubscript()'><b>testSubscript</b><br>Test class: com.webtest.personnel.personnal_files.File_Subscript_Test</td>
<td></td>
<td>16</td>
<td>com.webtest.personnel.personnal_files.File_Subscript_Test@68267da0</td></tr>
<tr>
<td title='com.webtest.liucheng.test1.testT()'><b>testT</b><br>Test class: com.webtest.liucheng.test1</td>
<td></td>
<td>36</td>
<td>com.webtest.liucheng.test1@6ff29830</td></tr>
<tr>
<td title='com.webtest.xinhu_personal.Addnotice_time.testTime()'><b>testTime</b><br>Test class: com.webtest.xinhu_personal.Addnotice_time<br>Parameters: 2016-07-08, 新增保存成功</td>
<td></td>
<td>16</td>
<td>com.webtest.xinhu_personal.Addnotice_time@a1cdc6d</td></tr>
<tr>
<td title='com.webtest.xingzheng.TestPart1_wupin.test_a1()'><b>test_a1</b><br>Test class: com.webtest.xingzheng.TestPart1_wupin</td>
<td></td>
<td>29</td>
<td>com.webtest.xingzheng.TestPart1_wupin@2118cddf</td></tr>
<tr>
<td title='com.webtest.xingzheng.TestPart1_wupin.test_a2()'><b>test_a2</b><br>Test class: com.webtest.xingzheng.TestPart1_wupin</td>
<td></td>
<td>12</td>
<td>com.webtest.xingzheng.TestPart1_wupin@2118cddf</td></tr>
<tr>
<td title='com.webtest.xingzheng.TestPart1_wupin.test_a3()'><b>test_a3</b><br>Test class: com.webtest.xingzheng.TestPart1_wupin</td>
<td></td>
<td>19</td>
<td>com.webtest.xingzheng.TestPart1_wupin@2118cddf</td></tr>
<tr>
<td title='com.webtest.xingzheng.TestPart1_wupin.test_a4()'><b>test_a4</b><br>Test class: com.webtest.xingzheng.TestPart1_wupin</td>
<td></td>
<td>15</td>
<td>com.webtest.xingzheng.TestPart1_wupin@2118cddf</td></tr>
<tr>
<td title='com.webtest.xingzheng.TestPart2_zichan.test_b1()'><b>test_b1</b><br>Test class: com.webtest.xingzheng.TestPart2_zichan</td>
<td></td>
<td>9</td>
<td>com.webtest.xingzheng.TestPart2_zichan@17a7f733</td></tr>
<tr>
<td title='com.webtest.xingzheng.TestPart2_zichan.test_b2()'><b>test_b2</b><br>Test class: com.webtest.xingzheng.TestPart2_zichan</td>
<td></td>
<td>33</td>
<td>com.webtest.xingzheng.TestPart2_zichan@17a7f733</td></tr>
<tr>
<td title='com.webtest.customer.test.HighSearch_test.type()'><b>type</b><br>Test class: com.webtest.customer.test.HighSearch_test</td>
<td></td>
<td>17</td>
<td>com.webtest.customer.test.HighSearch_test@76ed1b7c</td></tr>
</table><p>
<table width='100%' border='1' class='invocation-skipped'>
<tr><td colspan='4' align='center'><b>SKIPPED TESTS</b></td></tr>
<tr><td><b>Test method</b></td>
<td width="30%"><b>Exception</b></td>
<td width="10%"><b>Time (seconds)</b></td>
<td><b>Instance</b></td>
</tr>
<tr>
<td title='com.webtest.customer.test.NewCustract_test.addAgreement()'><b>addAgreement</b><br>Test class: com.webtest.customer.test.NewCustract_test</td>
<td><div><pre>java.lang.RuntimeException: java.io.FileNotFoundException: D:\admin\p_data\add.xlsx (系统找不到指定的路径。)
Caused by: java.io.FileNotFoundException: D:\admin\p_data\add.xlsx (系统找不到指定的路径。)
	at java.base/java.io.FileInputStream.open0(Native Method)
	at java.base/java.io.FileInputStream.open(FileInputStream.java:196)
	at java.base/java.io.FileInputStream.&lt;init&gt;(FileInputStream.java:139)
	at com.webtest.dataprovider.ExcelDataProvider.getTestDataByExcel(Unknown Source)
	at com.webtest.dataprovider.NSDataProvider.getExcelData3(Unknown Source)
	... 21 more
... Removed 29 stack frames</pre></div><a href='#' onClick='toggleBox("stack-trace1601702534", this, "Click to show all stack frames", "Click to hide stack frames")'>Click to show all stack frames</a>
<div class='stack-trace' id='stack-trace1601702534'><pre>java.lang.RuntimeException: java.io.FileNotFoundException: D:\admin\p_data\add.xlsx (系统找不到指定的路径。)
	at org.testng.internal.MethodInvocationHelper.invokeMethodNoCheckedException(MethodInvocationHelper.java:49)
	at org.testng.internal.MethodInvocationHelper.invokeDataProvider(MethodInvocationHelper.java:131)
	at org.testng.internal.Parameters.handleParameters(Parameters.java:706)
	at org.testng.internal.ParameterHandler.handleParameters(ParameterHandler.java:49)
	at org.testng.internal.ParameterHandler.createParameters(ParameterHandler.java:37)
	at org.testng.internal.Invoker.invokeTestMethods(Invoker.java:923)
	at org.testng.internal.TestMethodWorker.invokeTestMethods(TestMethodWorker.java:125)
	at org.testng.internal.TestMethodWorker.run(TestMethodWorker.java:109)
	at org.testng.TestRunner.privateRun(TestRunner.java:648)
	at org.testng.TestRunner.run(TestRunner.java:505)
	at org.testng.SuiteRunner.runTest(SuiteRunner.java:455)
	at org.testng.SuiteRunner.runSequentially(SuiteRunner.java:450)
	at org.testng.SuiteRunner.privateRun(SuiteRunner.java:415)
	at org.testng.SuiteRunner.run(SuiteRunner.java:364)
	at org.testng.SuiteRunnerWorker.runSuite(SuiteRunnerWorker.java:52)
	at org.testng.SuiteRunnerWorker.run(SuiteRunnerWorker.java:84)
	at org.testng.TestNG.runSuitesSequentially(TestNG.java:1208)
	at org.testng.TestNG.runSuitesLocally(TestNG.java:1137)
	at org.testng.TestNG.runSuites(TestNG.java:1049)
	at org.testng.TestNG.run(TestNG.java:1017)
	at org.testng.TestNG.privateMain(TestNG.java:1354)
	at org.testng.TestNG.main(TestNG.java:1323)
Caused by: java.io.FileNotFoundException: D:\admin\p_data\add.xlsx (系统找不到指定的路径。)
	at java.base/java.io.FileInputStream.open0(Native Method)
	at java.base/java.io.FileInputStream.open(FileInputStream.java:196)
	at java.base/java.io.FileInputStream.&lt;init&gt;(FileInputStream.java:139)
	at com.webtest.dataprovider.ExcelDataProvider.getTestDataByExcel(Unknown Source)
	at com.webtest.dataprovider.NSDataProvider.getExcelData3(Unknown Source)
	at java.base/jdk.internal.reflect.NativeMethodAccessorImpl.invoke0(Native Method)
	at java.base/jdk.internal.reflect.NativeMethodAccessorImpl.invoke(NativeMethodAccessorImpl.java:62)
	at java.base/jdk.internal.reflect.DelegatingMethodAccessorImpl.invoke(DelegatingMethodAccessorImpl.java:43)
	at java.base/java.lang.reflect.Method.invoke(Method.java:564)
	at org.testng.internal.MethodInvocationHelper.invokeMethod(MethodInvocationHelper.java:124)
	at org.testng.internal.MethodInvocationHelper.invokeMethod(MethodInvocationHelper.java:74)
	at org.testng.internal.MethodInvocationHelper.invokeMethodNoCheckedException(MethodInvocationHelper.java:45)
	... 21 more
</pre></div></td>
<td>0</td>
<td>com.webtest.customer.test.NewCustract_test@394a2528</td></tr>
<tr>
<td title='com.webtest.customer.test.NewCustomer_test.addCustomer()'><b>addCustomer</b><br>Test class: com.webtest.customer.test.NewCustomer_test</td>
<td><div><pre>java.lang.RuntimeException: java.io.FileNotFoundException: D:\admin\p_data\add.xlsx (系统找不到指定的路径。)
Caused by: java.io.FileNotFoundException: D:\admin\p_data\add.xlsx (系统找不到指定的路径。)
	at java.base/java.io.FileInputStream.open0(Native Method)
	at java.base/java.io.FileInputStream.open(FileInputStream.java:196)
	at java.base/java.io.FileInputStream.&lt;init&gt;(FileInputStream.java:139)
	at com.webtest.dataprovider.ExcelDataProvider.getTestDataByExcel(Unknown Source)
	at com.webtest.dataprovider.NSDataProvider.getExcelData7(Unknown Source)
	... 21 more
... Removed 29 stack frames</pre></div><a href='#' onClick='toggleBox("stack-trace671981276", this, "Click to show all stack frames", "Click to hide stack frames")'>Click to show all stack frames</a>
<div class='stack-trace' id='stack-trace671981276'><pre>java.lang.RuntimeException: java.io.FileNotFoundException: D:\admin\p_data\add.xlsx (系统找不到指定的路径。)
	at org.testng.internal.MethodInvocationHelper.invokeMethodNoCheckedException(MethodInvocationHelper.java:49)
	at org.testng.internal.MethodInvocationHelper.invokeDataProvider(MethodInvocationHelper.java:131)
	at org.testng.internal.Parameters.handleParameters(Parameters.java:706)
	at org.testng.internal.ParameterHandler.handleParameters(ParameterHandler.java:49)
	at org.testng.internal.ParameterHandler.createParameters(ParameterHandler.java:37)
	at org.testng.internal.Invoker.invokeTestMethods(Invoker.java:923)
	at org.testng.internal.TestMethodWorker.invokeTestMethods(TestMethodWorker.java:125)
	at org.testng.internal.TestMethodWorker.run(TestMethodWorker.java:109)
	at org.testng.TestRunner.privateRun(TestRunner.java:648)
	at org.testng.TestRunner.run(TestRunner.java:505)
	at org.testng.SuiteRunner.runTest(SuiteRunner.java:455)
	at org.testng.SuiteRunner.runSequentially(SuiteRunner.java:450)
	at org.testng.SuiteRunner.privateRun(SuiteRunner.java:415)
	at org.testng.SuiteRunner.run(SuiteRunner.java:364)
	at org.testng.SuiteRunnerWorker.runSuite(SuiteRunnerWorker.java:52)
	at org.testng.SuiteRunnerWorker.run(SuiteRunnerWorker.java:84)
	at org.testng.TestNG.runSuitesSequentially(TestNG.java:1208)
	at org.testng.TestNG.runSuitesLocally(TestNG.java:1137)
	at org.testng.TestNG.runSuites(TestNG.java:1049)
	at org.testng.TestNG.run(TestNG.java:1017)
	at org.testng.TestNG.privateMain(TestNG.java:1354)
	at org.testng.TestNG.main(TestNG.java:1323)
Caused by: java.io.FileNotFoundException: D:\admin\p_data\add.xlsx (系统找不到指定的路径。)
	at java.base/java.io.FileInputStream.open0(Native Method)
	at java.base/java.io.FileInputStream.open(FileInputStream.java:196)
	at java.base/java.io.FileInputStream.&lt;init&gt;(FileInputStream.java:139)
	at com.webtest.dataprovider.ExcelDataProvider.getTestDataByExcel(Unknown Source)
	at com.webtest.dataprovider.NSDataProvider.getExcelData7(Unknown Source)
	at java.base/jdk.internal.reflect.NativeMethodAccessorImpl.invoke0(Native Method)
	at java.base/jdk.internal.reflect.NativeMethodAccessorImpl.invoke(NativeMethodAccessorImpl.java:62)
	at java.base/jdk.internal.reflect.DelegatingMethodAccessorImpl.invoke(DelegatingMethodAccessorImpl.java:43)
	at java.base/java.lang.reflect.Method.invoke(Method.java:564)
	at org.testng.internal.MethodInvocationHelper.invokeMethod(MethodInvocationHelper.java:124)
	at org.testng.internal.MethodInvocationHelper.invokeMethod(MethodInvocationHelper.java:74)
	at org.testng.internal.MethodInvocationHelper.invokeMethodNoCheckedException(MethodInvocationHelper.java:45)
	... 21 more
</pre></div></td>
<td>0</td>
<td>com.webtest.customer.test.NewCustomer_test@11fc564b</td></tr>
<tr>
<td title='com.webtest.xinhu_personal.Addnotice.addNotice()'><b>addNotice</b><br>Test class: com.webtest.xinhu_personal.Addnotice</td>
<td><div><pre>java.lang.RuntimeException: java.io.FileNotFoundException: D:\admin\p_data\enterNotice.xlsx (系统找不到指定的路径。)
Caused by: java.io.FileNotFoundException: D:\admin\p_data\enterNotice.xlsx (系统找不到指定的路径。)
	at java.base/java.io.FileInputStream.open0(Native Method)
	at java.base/java.io.FileInputStream.open(FileInputStream.java:196)
	at java.base/java.io.FileInputStream.&lt;init&gt;(FileInputStream.java:139)
	at com.webtest.dataprovider.ExcelDataProvider.getTestDataByExcel(Unknown Source)
	at com.webtest.dataprovider.NSDataProvider.getExcelData1(Unknown Source)
	... 21 more
... Removed 29 stack frames</pre></div><a href='#' onClick='toggleBox("stack-trace638204510", this, "Click to show all stack frames", "Click to hide stack frames")'>Click to show all stack frames</a>
<div class='stack-trace' id='stack-trace638204510'><pre>java.lang.RuntimeException: java.io.FileNotFoundException: D:\admin\p_data\enterNotice.xlsx (系统找不到指定的路径。)
	at org.testng.internal.MethodInvocationHelper.invokeMethodNoCheckedException(MethodInvocationHelper.java:49)
	at org.testng.internal.MethodInvocationHelper.invokeDataProvider(MethodInvocationHelper.java:131)
	at org.testng.internal.Parameters.handleParameters(Parameters.java:706)
	at org.testng.internal.ParameterHandler.handleParameters(ParameterHandler.java:49)
	at org.testng.internal.ParameterHandler.createParameters(ParameterHandler.java:37)
	at org.testng.internal.Invoker.invokeTestMethods(Invoker.java:923)
	at org.testng.internal.TestMethodWorker.invokeTestMethods(TestMethodWorker.java:125)
	at org.testng.internal.TestMethodWorker.run(TestMethodWorker.java:109)
	at org.testng.TestRunner.privateRun(TestRunner.java:648)
	at org.testng.TestRunner.run(TestRunner.java:505)
	at org.testng.SuiteRunner.runTest(SuiteRunner.java:455)
	at org.testng.SuiteRunner.runSequentially(SuiteRunner.java:450)
	at org.testng.SuiteRunner.privateRun(SuiteRunner.java:415)
	at org.testng.SuiteRunner.run(SuiteRunner.java:364)
	at org.testng.SuiteRunnerWorker.runSuite(SuiteRunnerWorker.java:52)
	at org.testng.SuiteRunnerWorker.run(SuiteRunnerWorker.java:84)
	at org.testng.TestNG.runSuitesSequentially(TestNG.java:1208)
	at org.testng.TestNG.runSuitesLocally(TestNG.java:1137)
	at org.testng.TestNG.runSuites(TestNG.java:1049)
	at org.testng.TestNG.run(TestNG.java:1017)
	at org.testng.TestNG.privateMain(TestNG.java:1354)
	at org.testng.TestNG.main(TestNG.java:1323)
Caused by: java.io.FileNotFoundException: D:\admin\p_data\enterNotice.xlsx (系统找不到指定的路径。)
	at java.base/java.io.FileInputStream.open0(Native Method)
	at java.base/java.io.FileInputStream.open(FileInputStream.java:196)
	at java.base/java.io.FileInputStream.&lt;init&gt;(FileInputStream.java:139)
	at com.webtest.dataprovider.ExcelDataProvider.getTestDataByExcel(Unknown Source)
	at com.webtest.dataprovider.NSDataProvider.getExcelData1(Unknown Source)
	at java.base/jdk.internal.reflect.NativeMethodAccessorImpl.invoke0(Native Method)
	at java.base/jdk.internal.reflect.NativeMethodAccessorImpl.invoke(NativeMethodAccessorImpl.java:62)
	at java.base/jdk.internal.reflect.DelegatingMethodAccessorImpl.invoke(DelegatingMethodAccessorImpl.java:43)
	at java.base/java.lang.reflect.Method.invoke(Method.java:564)
	at org.testng.internal.MethodInvocationHelper.invokeMethod(MethodInvocationHelper.java:124)
	at org.testng.internal.MethodInvocationHelper.invokeMethod(MethodInvocationHelper.java:74)
	at org.testng.internal.MethodInvocationHelper.invokeMethodNoCheckedException(MethodInvocationHelper.java:45)
	... 21 more
</pre></div></td>
<td>0</td>
<td>com.webtest.xinhu_personal.Addnotice@3098cf3b</td></tr>
<tr>
<td title='com.webtest.customer.test.NewRecipt_test.addRecipt()'><b>addRecipt</b><br>Test class: com.webtest.customer.test.NewRecipt_test</td>
<td><div><pre>java.lang.RuntimeException: java.io.FileNotFoundException: D:\admin\p_data\add.xlsx (系统找不到指定的路径。)
Caused by: java.io.FileNotFoundException: D:\admin\p_data\add.xlsx (系统找不到指定的路径。)
	at java.base/java.io.FileInputStream.open0(Native Method)
	at java.base/java.io.FileInputStream.open(FileInputStream.java:196)
	at java.base/java.io.FileInputStream.&lt;init&gt;(FileInputStream.java:139)
	at com.webtest.dataprovider.ExcelDataProvider.getTestDataByExcel(Unknown Source)
	at com.webtest.dataprovider.NSDataProvider.getExcelData4(Unknown Source)
	... 21 more
... Removed 29 stack frames</pre></div><a href='#' onClick='toggleBox("stack-trace979117606", this, "Click to show all stack frames", "Click to hide stack frames")'>Click to show all stack frames</a>
<div class='stack-trace' id='stack-trace979117606'><pre>java.lang.RuntimeException: java.io.FileNotFoundException: D:\admin\p_data\add.xlsx (系统找不到指定的路径。)
	at org.testng.internal.MethodInvocationHelper.invokeMethodNoCheckedException(MethodInvocationHelper.java:49)
	at org.testng.internal.MethodInvocationHelper.invokeDataProvider(MethodInvocationHelper.java:131)
	at org.testng.internal.Parameters.handleParameters(Parameters.java:706)
	at org.testng.internal.ParameterHandler.handleParameters(ParameterHandler.java:49)
	at org.testng.internal.ParameterHandler.createParameters(ParameterHandler.java:37)
	at org.testng.internal.Invoker.invokeTestMethods(Invoker.java:923)
	at org.testng.internal.TestMethodWorker.invokeTestMethods(TestMethodWorker.java:125)
	at org.testng.internal.TestMethodWorker.run(TestMethodWorker.java:109)
	at org.testng.TestRunner.privateRun(TestRunner.java:648)
	at org.testng.TestRunner.run(TestRunner.java:505)
	at org.testng.SuiteRunner.runTest(SuiteRunner.java:455)
	at org.testng.SuiteRunner.runSequentially(SuiteRunner.java:450)
	at org.testng.SuiteRunner.privateRun(SuiteRunner.java:415)
	at org.testng.SuiteRunner.run(SuiteRunner.java:364)
	at org.testng.SuiteRunnerWorker.runSuite(SuiteRunnerWorker.java:52)
	at org.testng.SuiteRunnerWorker.run(SuiteRunnerWorker.java:84)
	at org.testng.TestNG.runSuitesSequentially(TestNG.java:1208)
	at org.testng.TestNG.runSuitesLocally(TestNG.java:1137)
	at org.testng.TestNG.runSuites(TestNG.java:1049)
	at org.testng.TestNG.run(TestNG.java:1017)
	at org.testng.TestNG.privateMain(TestNG.java:1354)
	at org.testng.TestNG.main(TestNG.java:1323)
Caused by: java.io.FileNotFoundException: D:\admin\p_data\add.xlsx (系统找不到指定的路径。)
	at java.base/java.io.FileInputStream.open0(Native Method)
	at java.base/java.io.FileInputStream.open(FileInputStream.java:196)
	at java.base/java.io.FileInputStream.&lt;init&gt;(FileInputStream.java:139)
	at com.webtest.dataprovider.ExcelDataProvider.getTestDataByExcel(Unknown Source)
	at com.webtest.dataprovider.NSDataProvider.getExcelData4(Unknown Source)
	at java.base/jdk.internal.reflect.NativeMethodAccessorImpl.invoke0(Native Method)
	at java.base/jdk.internal.reflect.NativeMethodAccessorImpl.invoke(NativeMethodAccessorImpl.java:62)
	at java.base/jdk.internal.reflect.DelegatingMethodAccessorImpl.invoke(DelegatingMethodAccessorImpl.java:43)
	at java.base/java.lang.reflect.Method.invoke(Method.java:564)
	at org.testng.internal.MethodInvocationHelper.invokeMethod(MethodInvocationHelper.java:124)
	at org.testng.internal.MethodInvocationHelper.invokeMethod(MethodInvocationHelper.java:74)
	at org.testng.internal.MethodInvocationHelper.invokeMethodNoCheckedException(MethodInvocationHelper.java:45)
	... 21 more
</pre></div></td>
<td>0</td>
<td>com.webtest.customer.test.NewRecipt_test@6236eb5f</td></tr>
<tr>
<td title='com.webtest.customer.test.CaoZuo_test.addReminSetting()'><b>addReminSetting</b><br>Test class: com.webtest.customer.test.CaoZuo_test</td>
<td><div><pre>java.lang.RuntimeException: java.io.FileNotFoundException: D:\admin\p_data\add.xlsx (系统找不到指定的路径。)
Caused by: java.io.FileNotFoundException: D:\admin\p_data\add.xlsx (系统找不到指定的路径。)
	at java.base/java.io.FileInputStream.open0(Native Method)
	at java.base/java.io.FileInputStream.open(FileInputStream.java:196)
	at java.base/java.io.FileInputStream.&lt;init&gt;(FileInputStream.java:139)
	at com.webtest.dataprovider.ExcelDataProvider.getTestDataByExcel(Unknown Source)
	at com.webtest.dataprovider.NSDataProvider.getExcelData6(Unknown Source)
	... 21 more
... Removed 29 stack frames</pre></div><a href='#' onClick='toggleBox("stack-trace1491676195", this, "Click to show all stack frames", "Click to hide stack frames")'>Click to show all stack frames</a>
<div class='stack-trace' id='stack-trace1491676195'><pre>java.lang.RuntimeException: java.io.FileNotFoundException: D:\admin\p_data\add.xlsx (系统找不到指定的路径。)
	at org.testng.internal.MethodInvocationHelper.invokeMethodNoCheckedException(MethodInvocationHelper.java:49)
	at org.testng.internal.MethodInvocationHelper.invokeDataProvider(MethodInvocationHelper.java:131)
	at org.testng.internal.Parameters.handleParameters(Parameters.java:706)
	at org.testng.internal.ParameterHandler.handleParameters(ParameterHandler.java:49)
	at org.testng.internal.ParameterHandler.createParameters(ParameterHandler.java:37)
	at org.testng.internal.Invoker.invokeTestMethods(Invoker.java:923)
	at org.testng.internal.TestMethodWorker.invokeTestMethods(TestMethodWorker.java:125)
	at org.testng.internal.TestMethodWorker.run(TestMethodWorker.java:109)
	at org.testng.TestRunner.privateRun(TestRunner.java:648)
	at org.testng.TestRunner.run(TestRunner.java:505)
	at org.testng.SuiteRunner.runTest(SuiteRunner.java:455)
	at org.testng.SuiteRunner.runSequentially(SuiteRunner.java:450)
	at org.testng.SuiteRunner.privateRun(SuiteRunner.java:415)
	at org.testng.SuiteRunner.run(SuiteRunner.java:364)
	at org.testng.SuiteRunnerWorker.runSuite(SuiteRunnerWorker.java:52)
	at org.testng.SuiteRunnerWorker.run(SuiteRunnerWorker.java:84)
	at org.testng.TestNG.runSuitesSequentially(TestNG.java:1208)
	at org.testng.TestNG.runSuitesLocally(TestNG.java:1137)
	at org.testng.TestNG.runSuites(TestNG.java:1049)
	at org.testng.TestNG.run(TestNG.java:1017)
	at org.testng.TestNG.privateMain(TestNG.java:1354)
	at org.testng.TestNG.main(TestNG.java:1323)
Caused by: java.io.FileNotFoundException: D:\admin\p_data\add.xlsx (系统找不到指定的路径。)
	at java.base/java.io.FileInputStream.open0(Native Method)
	at java.base/java.io.FileInputStream.open(FileInputStream.java:196)
	at java.base/java.io.FileInputStream.&lt;init&gt;(FileInputStream.java:139)
	at com.webtest.dataprovider.ExcelDataProvider.getTestDataByExcel(Unknown Source)
	at com.webtest.dataprovider.NSDataProvider.getExcelData6(Unknown Source)
	at java.base/jdk.internal.reflect.NativeMethodAccessorImpl.invoke0(Native Method)
	at java.base/jdk.internal.reflect.NativeMethodAccessorImpl.invoke(NativeMethodAccessorImpl.java:62)
	at java.base/jdk.internal.reflect.DelegatingMethodAccessorImpl.invoke(DelegatingMethodAccessorImpl.java:43)
	at java.base/java.lang.reflect.Method.invoke(Method.java:564)
	at org.testng.internal.MethodInvocationHelper.invokeMethod(MethodInvocationHelper.java:124)
	at org.testng.internal.MethodInvocationHelper.invokeMethod(MethodInvocationHelper.java:74)
	at org.testng.internal.MethodInvocationHelper.invokeMethodNoCheckedException(MethodInvocationHelper.java:45)
	... 21 more
</pre></div></td>
<td>0</td>
<td>com.webtest.customer.test.CaoZuo_test@68567e20</td></tr>
<tr>
<td title='com.webtest.customer.test.NewSell_test.addSell()'><b>addSell</b><br>Test class: com.webtest.customer.test.NewSell_test</td>
<td><div><pre>java.lang.RuntimeException: java.io.FileNotFoundException: D:\admin\p_data\add.xlsx (系统找不到指定的路径。)
Caused by: java.io.FileNotFoundException: D:\admin\p_data\add.xlsx (系统找不到指定的路径。)
	at java.base/java.io.FileInputStream.open0(Native Method)
	at java.base/java.io.FileInputStream.open(FileInputStream.java:196)
	at java.base/java.io.FileInputStream.&lt;init&gt;(FileInputStream.java:139)
	at com.webtest.dataprovider.ExcelDataProvider.getTestDataByExcel(Unknown Source)
	at com.webtest.dataprovider.NSDataProvider.getExcelData2(Unknown Source)
	... 21 more
... Removed 29 stack frames</pre></div><a href='#' onClick='toggleBox("stack-trace992955027", this, "Click to show all stack frames", "Click to hide stack frames")'>Click to show all stack frames</a>
<div class='stack-trace' id='stack-trace992955027'><pre>java.lang.RuntimeException: java.io.FileNotFoundException: D:\admin\p_data\add.xlsx (系统找不到指定的路径。)
	at org.testng.internal.MethodInvocationHelper.invokeMethodNoCheckedException(MethodInvocationHelper.java:49)
	at org.testng.internal.MethodInvocationHelper.invokeDataProvider(MethodInvocationHelper.java:131)
	at org.testng.internal.Parameters.handleParameters(Parameters.java:706)
	at org.testng.internal.ParameterHandler.handleParameters(ParameterHandler.java:49)
	at org.testng.internal.ParameterHandler.createParameters(ParameterHandler.java:37)
	at org.testng.internal.Invoker.invokeTestMethods(Invoker.java:923)
	at org.testng.internal.TestMethodWorker.invokeTestMethods(TestMethodWorker.java:125)
	at org.testng.internal.TestMethodWorker.run(TestMethodWorker.java:109)
	at org.testng.TestRunner.privateRun(TestRunner.java:648)
	at org.testng.TestRunner.run(TestRunner.java:505)
	at org.testng.SuiteRunner.runTest(SuiteRunner.java:455)
	at org.testng.SuiteRunner.runSequentially(SuiteRunner.java:450)
	at org.testng.SuiteRunner.privateRun(SuiteRunner.java:415)
	at org.testng.SuiteRunner.run(SuiteRunner.java:364)
	at org.testng.SuiteRunnerWorker.runSuite(SuiteRunnerWorker.java:52)
	at org.testng.SuiteRunnerWorker.run(SuiteRunnerWorker.java:84)
	at org.testng.TestNG.runSuitesSequentially(TestNG.java:1208)
	at org.testng.TestNG.runSuitesLocally(TestNG.java:1137)
	at org.testng.TestNG.runSuites(TestNG.java:1049)
	at org.testng.TestNG.run(TestNG.java:1017)
	at org.testng.TestNG.privateMain(TestNG.java:1354)
	at org.testng.TestNG.main(TestNG.java:1323)
Caused by: java.io.FileNotFoundException: D:\admin\p_data\add.xlsx (系统找不到指定的路径。)
	at java.base/java.io.FileInputStream.open0(Native Method)
	at java.base/java.io.FileInputStream.open(FileInputStream.java:196)
	at java.base/java.io.FileInputStream.&lt;init&gt;(FileInputStream.java:139)
	at com.webtest.dataprovider.ExcelDataProvider.getTestDataByExcel(Unknown Source)
	at com.webtest.dataprovider.NSDataProvider.getExcelData2(Unknown Source)
	at java.base/jdk.internal.reflect.NativeMethodAccessorImpl.invoke0(Native Method)
	at java.base/jdk.internal.reflect.NativeMethodAccessorImpl.invoke(NativeMethodAccessorImpl.java:62)
	at java.base/jdk.internal.reflect.DelegatingMethodAccessorImpl.invoke(DelegatingMethodAccessorImpl.java:43)
	at java.base/java.lang.reflect.Method.invoke(Method.java:564)
	at org.testng.internal.MethodInvocationHelper.invokeMethod(MethodInvocationHelper.java:124)
	at org.testng.internal.MethodInvocationHelper.invokeMethod(MethodInvocationHelper.java:74)
	at org.testng.internal.MethodInvocationHelper.invokeMethodNoCheckedException(MethodInvocationHelper.java:45)
	... 21 more
</pre></div></td>
<td>0</td>
<td>com.webtest.customer.test.NewSell_test@7c1e2a9e</td></tr>
</table><p>
</body>
</html>