<?xml version="1.0" encoding="UTF-8"?>
<!-- Generated by org.testng.reporters.JUnitReportReporter -->
<testsuite hostname="DESKTOP-JAB7ISN" failures="0" tests="2" name="com.webtest.personnel.personnal_files.Add_Test" time="0.000" errors="0" timestamp="10 12月 2018 11:42:13 GMT" skipped="2">
  <testcase classname="com.webtest.personnel.personnal_files.Add_Test" name="testAddOutRecord" time="0.000">
    <skipped/>
  </testcase> <!-- testAddOutRecord -->
  <testcase classname="com.webtest.personnel.personnal_files.Add_Test" name="testNewContract" time="0.000">
    <skipped/>
  </testcase> <!-- testNewContract -->
</testsuite> <!-- com.webtest.personnel.personnal_files.Add_Test -->
