<?xml version="1.0" encoding="UTF-8"?>
<!-- Generated by org.testng.reporters.JUnitReportReporter -->
<testsuite hostname="DESKTOP-JAB7ISN" failures="0" tests="5" name="com.webtest.customer.test.HighSearch_test" time="93.573" errors="0" timestamp="07 12月 2018 01:21:02 GMT" skipped="0">
  <testcase classname="com.webtest.customer.test.HighSearch_test" name="type" time="23.569"/>
  <testcase classname="com.webtest.customer.test.HighSearch_test" name="htshu" time="17.316"/>
  <testcase classname="com.webtest.customer.test.HighSearch_test" name="mobile" time="17.228"/>
  <testcase classname="com.webtest.customer.test.HighSearch_test" name="custname" time="17.946"/>
  <testcase classname="com.webtest.customer.test.HighSearch_test" name="moneyz" time="17.514"/>
</testsuite> <!-- com.webtest.customer.test.HighSearch_test -->
