<?xml version="1.0" encoding="UTF-8"?>
<!-- Generated by org.testng.reporters.JUnitReportReporter -->
<testsuite hostname="DESKTOP-JAB7ISN" failures="0" tests="2" name="com.webtest.liucheng.test3" time="0.000" errors="0" timestamp="10 12月 2018 11:42:13 GMT" skipped="2">
  <testcase classname="com.webtest.liucheng.test3" name="test2" time="0.000">
    <skipped/>
  </testcase> <!-- test2 -->
  <testcase classname="com.webtest.liucheng.test3" name="test1" time="0.000">
    <skipped/>
  </testcase> <!-- test1 -->
</testsuite> <!-- com.webtest.liucheng.test3 -->
