<?xml version="1.0" encoding="UTF-8"?>
<!-- Generated by org.testng.reporters.JUnitReportReporter -->
<testsuite hostname="DESKTOP-JAB7ISN" failures="0" tests="6" name="com.webtest.liucheng.test2" time="84.006" errors="0" timestamp="07 12月 2018 01:21:02 GMT" skipped="0">
  <testcase classname="com.webtest.liucheng.test2" name="test5" time="16.241"/>
  <testcase classname="com.webtest.liucheng.test2" name="test6" time="12.880"/>
  <testcase classname="com.webtest.liucheng.test2" name="test3" time="12.910"/>
  <testcase classname="com.webtest.liucheng.test2" name="test2" time="12.906"/>
  <testcase classname="com.webtest.liucheng.test2" name="test4" time="12.820"/>
  <testcase classname="com.webtest.liucheng.test2" name="test1" time="16.249"/>
</testsuite> <!-- com.webtest.liucheng.test2 -->
