<?xml version="1.0" encoding="UTF-8"?>
<!-- Generated by org.testng.reporters.JUnitReportReporter -->
<testsuite hostname="DESKTOP-JAB7ISN" failures="0" tests="5" name="com.webtest.customer.test.HighSearch_test" time="0.000" errors="0" timestamp="10 12月 2018 11:42:13 GMT" skipped="5">
  <testcase classname="com.webtest.customer.test.HighSearch_test" name="htshu" time="0.000">
    <skipped/>
  </testcase> <!-- htshu -->
  <testcase classname="com.webtest.customer.test.HighSearch_test" name="custname" time="0.000">
    <skipped/>
  </testcase> <!-- custname -->
  <testcase classname="com.webtest.customer.test.HighSearch_test" name="moneyz" time="0.000">
    <skipped/>
  </testcase> <!-- moneyz -->
  <testcase classname="com.webtest.customer.test.HighSearch_test" name="mobile" time="0.000">
    <skipped/>
  </testcase> <!-- mobile -->
  <testcase classname="com.webtest.customer.test.HighSearch_test" name="type" time="0.000">
    <skipped/>
  </testcase> <!-- type -->
</testsuite> <!-- com.webtest.customer.test.HighSearch_test -->
