<?xml version="1.0" encoding="UTF-8"?>
<!-- Generated by org.testng.reporters.JUnitReportReporter -->
<testsuite hostname="DESKTOP-JAB7ISN" failures="0" tests="3" name="com.webtest.personnel.personnal_files.File_Operation_Test" time="88.892" errors="0" timestamp="07 12月 2018 01:21:02 GMT" skipped="0">
  <testcase classname="com.webtest.personnel.personnal_files.File_Operation_Test" name="testOperationDetails" time="26.891"/>
  <testcase classname="com.webtest.personnel.personnal_files.File_Operation_Test" name="testOperationComment" time="30.968"/>
  <testcase classname="com.webtest.personnel.personnal_files.File_Operation_Test" name="testOperatioinAddremind" time="31.033"/>
</testsuite> <!-- com.webtest.personnel.personnal_files.File_Operation_Test -->
