<?xml version="1.0" encoding="UTF-8"?>
<!-- Generated by org.testng.reporters.JUnitReportReporter -->
<testsuite hostname="DESKTOP-JAB7ISN" failures="0" tests="3" name="com.webtest.xinhu_personal.Addnotice_time" time="0.000" errors="0" timestamp="10 12月 2018 11:42:13 GMT" skipped="3">
  <testcase classname="com.webtest.xinhu_personal.Addnotice_time" name="login4" time="0.000">
    <skipped/>
  </testcase> <!-- login4 -->
  <testcase classname="com.webtest.xinhu_personal.Addnotice_time" name="enterNotice" time="0.000">
    <skipped/>
  </testcase> <!-- enterNotice -->
  <testcase classname="com.webtest.xinhu_personal.Addnotice_time" name="testTime" time="0.000">
    <skipped/>
  </testcase> <!-- testTime -->
</testsuite> <!-- com.webtest.xinhu_personal.Addnotice_time -->
