<?xml version="1.0" encoding="UTF-8"?>
<!-- Generated by org.testng.reporters.JUnitReportReporter -->
<testsuite hostname="DESKTOP-JAB7ISN" failures="0" tests="3" name="com.webtest.xinhu_personal.AddrList" time="0.000" errors="0" timestamp="10 12月 2018 11:42:13 GMT" skipped="3">
  <testcase classname="com.webtest.xinhu_personal.AddrList" name="searchList" time="0.000">
    <skipped/>
  </testcase> <!-- searchList -->
  <testcase classname="com.webtest.xinhu_personal.AddrList" name="login1" time="0.000">
    <skipped/>
  </testcase> <!-- login1 -->
  <testcase classname="com.webtest.xinhu_personal.AddrList" name="addrList" time="0.000">
    <skipped/>
  </testcase> <!-- addrList -->
</testsuite> <!-- com.webtest.xinhu_personal.AddrList -->
