<?xml version="1.0" encoding="UTF-8"?>
<!-- Generated by org.testng.reporters.JUnitReportReporter -->
<testsuite hostname="DESKTOP-JAB7ISN" failures="0" tests="6" name="com.webtest.xinhu_personal.Login" time="21.812" errors="0" timestamp="07 12月 2018 01:21:02 GMT" skipped="0">
  <testcase classname="com.webtest.xinhu_personal.Login" name="loginsuccess" time="3.391"/>
  <testcase classname="com.webtest.xinhu_personal.Login" name="login" time="3.331"/>
  <testcase classname="com.webtest.xinhu_personal.Login" name="login" time="3.387"/>
  <testcase classname="com.webtest.xinhu_personal.Login" name="login" time="3.386"/>
  <testcase classname="com.webtest.xinhu_personal.Login" name="openBrower" time="4.936"/>
  <testcase classname="com.webtest.xinhu_personal.Login" name="login" time="3.381"/>
</testsuite> <!-- com.webtest.xinhu_personal.Login -->
