<?xml version="1.0" encoding="UTF-8"?>
<!-- Generated by org.testng.reporters.JUnitReportReporter -->
<testsuite hostname="DESKTOP-JAB7ISN" failures="0" tests="6" name="com.webtest.liucheng.test2" time="0.000" errors="0" timestamp="10 12月 2018 11:42:13 GMT" skipped="6">
  <testcase classname="com.webtest.liucheng.test2" name="test3" time="0.000">
    <skipped/>
  </testcase> <!-- test3 -->
  <testcase classname="com.webtest.liucheng.test2" name="test4" time="0.000">
    <skipped/>
  </testcase> <!-- test4 -->
  <testcase classname="com.webtest.liucheng.test2" name="test5" time="0.000">
    <skipped/>
  </testcase> <!-- test5 -->
  <testcase classname="com.webtest.liucheng.test2" name="test2" time="0.000">
    <skipped/>
  </testcase> <!-- test2 -->
  <testcase classname="com.webtest.liucheng.test2" name="test6" time="0.000">
    <skipped/>
  </testcase> <!-- test6 -->
  <testcase classname="com.webtest.liucheng.test2" name="test1" time="0.000">
    <skipped/>
  </testcase> <!-- test1 -->
</testsuite> <!-- com.webtest.liucheng.test2 -->
