<?xml version="1.0" encoding="UTF-8"?>
<!-- Generated by org.testng.reporters.JUnitReportReporter -->
<testsuite hostname="DESKTOP-JAB7ISN" failures="0" tests="1" name="com.webtest.personnel.personnal_files.File_SelectStatus_Test" time="27.325" errors="0" timestamp="07 12月 2018 01:21:02 GMT" skipped="0">
  <testcase classname="com.webtest.personnel.personnal_files.File_SelectStatus_Test" name="testSelectStatus" time="27.325"/>
</testsuite> <!-- com.webtest.personnel.personnal_files.File_SelectStatus_Test -->
