<?xml version="1.0" encoding="UTF-8"?>
<!-- Generated by org.testng.reporters.JUnitReportReporter -->
<testsuite hostname="DESKTOP-JAB7ISN" failures="0" tests="1" name="com.webtest.personnel.personnal_files.File_Search_Test" time="0.000" errors="0" timestamp="10 12月 2018 11:42:13 GMT" skipped="1">
  <testcase classname="com.webtest.personnel.personnal_files.File_Search_Test" name="testSearch" time="0.000">
    <skipped/>
  </testcase> <!-- testSearch -->
</testsuite> <!-- com.webtest.personnel.personnal_files.File_Search_Test -->
