<?xml version="1.0" encoding="UTF-8"?>
<!-- Generated by org.testng.reporters.JUnitReportReporter -->
<testsuite hostname="DESKTOP-JAB7ISN" failures="0" tests="4" name="com.webtest.customer.test.CaoZuo_test" time="36.132" errors="0" timestamp="07 12月 2018 01:21:02 GMT" skipped="1">
  <testcase classname="com.webtest.customer.test.CaoZuo_test" name="share" time="7.928"/>
  <testcase classname="com.webtest.customer.test.CaoZuo_test" name="detil" time="13.697"/>
  <testcase classname="com.webtest.customer.test.CaoZuo_test" name="delete" time="14.507"/>
  <testcase classname="com.webtest.customer.test.CaoZuo_test" name="addReminSetting" time="0.000">
    <skipped/>
  </testcase> <!-- addReminSetting -->
</testsuite> <!-- com.webtest.customer.test.CaoZuo_test -->
