<?xml version="1.0" encoding="UTF-8"?>
<!-- Generated by org.testng.reporters.JUnitReportReporter -->
<testsuite hostname="DESKTOP-JAB7ISN" failures="0" tests="5" name="com.webtest.xingzheng.TestPart1_wupin" time="0.000" errors="0" timestamp="10 12月 2018 11:42:13 GMT" skipped="5">
  <testcase classname="com.webtest.xingzheng.TestPart1_wupin" name="test_a1" time="0.000">
    <skipped/>
  </testcase> <!-- test_a1 -->
  <testcase classname="com.webtest.xingzheng.TestPart1_wupin" name="test_a4" time="0.000">
    <skipped/>
  </testcase> <!-- test_a4 -->
  <testcase classname="com.webtest.xingzheng.TestPart1_wupin" name="test_a5" time="0.000">
    <skipped/>
  </testcase> <!-- test_a5 -->
  <testcase classname="com.webtest.xingzheng.TestPart1_wupin" name="test_a3" time="0.000">
    <skipped/>
  </testcase> <!-- test_a3 -->
  <testcase classname="com.webtest.xingzheng.TestPart1_wupin" name="test_a2" time="0.000">
    <skipped/>
  </testcase> <!-- test_a2 -->
</testsuite> <!-- com.webtest.xingzheng.TestPart1_wupin -->
