<?xml version="1.0" encoding="UTF-8"?>
<!-- Generated by org.testng.reporters.JUnitReportReporter -->
<testsuite hostname="DESKTOP-JAB7ISN" failures="0" tests="4" name="com.webtest.xinhu_personal.ReInfor" time="67.011" errors="0" timestamp="07 12月 2018 01:21:02 GMT" skipped="0">
  <testcase classname="com.webtest.xinhu_personal.ReInfor" name="enterInfor" time="9.754"/>
  <testcase classname="com.webtest.xinhu_personal.ReInfor" name="reInfor1" time="3.266"/>
  <testcase classname="com.webtest.xinhu_personal.ReInfor" name="login3" time="8.284"/>
  <testcase classname="com.webtest.xinhu_personal.ReInfor" name="reInfor2" time="45.707"/>
</testsuite> <!-- com.webtest.xinhu_personal.ReInfor -->
