<?xml version="1.0" encoding="UTF-8"?>
<!-- Generated by org.testng.reporters.JUnitReportReporter -->
<testsuite hostname="DESKTOP-JAB7ISN" failures="0" tests="3" name="com.webtest.personnel.personnal_files.File_Operation_Test" time="0.000" errors="0" timestamp="10 12月 2018 11:42:13 GMT" skipped="3">
  <testcase classname="com.webtest.personnel.personnal_files.File_Operation_Test" name="testOperationDetails" time="0.000">
    <skipped/>
  </testcase> <!-- testOperationDetails -->
  <testcase classname="com.webtest.personnel.personnal_files.File_Operation_Test" name="testOperationComment" time="0.000">
    <skipped/>
  </testcase> <!-- testOperationComment -->
  <testcase classname="com.webtest.personnel.personnal_files.File_Operation_Test" name="testOperatioinAddremind" time="0.000">
    <skipped/>
  </testcase> <!-- testOperatioinAddremind -->
</testsuite> <!-- com.webtest.personnel.personnal_files.File_Operation_Test -->
