<?xml version="1.0" encoding="UTF-8"?>
<!-- Generated by org.testng.reporters.JUnitReportReporter -->
<testsuite hostname="DESKTOP-JAB7ISN" failures="0" tests="1" name="com.webtest.customer.test.Share_Search_test" time="0.000" errors="0" timestamp="10 12月 2018 11:42:13 GMT" skipped="1">
  <testcase classname="com.webtest.customer.test.Share_Search_test" name="share_search" time="0.000">
    <skipped/>
  </testcase> <!-- share_search -->
</testsuite> <!-- com.webtest.customer.test.Share_Search_test -->
