<?xml version="1.0" encoding="UTF-8"?>
<!-- Generated by org.testng.reporters.JUnitReportReporter -->
<testsuite hostname="LAPTOP-SLURSDT2" failures="0" tests="2" name="com.xinhu.customertest.test.Login_test" time="13.585" errors="0" timestamp="28 11月 2018 00:18:48 GMT" skipped="0">
  <testcase classname="com.xinhu.customertest.test.Login_test" name="Login_success" time="6.730"/>
  <testcase classname="com.xinhu.customertest.test.Login_test" name="Login_Fail" time="6.855"/>
</testsuite> <!-- com.xinhu.customertest.test.Login_test -->
