<?xml version="1.0" encoding="UTF-8"?>
<testng-results ignored="0" total="1" passed="1" failed="0" skipped="0">
  <reporter-output>
    <line>
      <![CDATA[lalala]]>
    </line>
  </reporter-output>
  <suite started-at="2018-11-21T08:05:30Z" name="Default suite" finished-at="2018-11-21T08:05:30Z" duration-ms="35">
    <groups>
    </groups>
    <test started-at="2018-11-21T08:05:30Z" name="Default test" finished-at="2018-11-21T08:05:30Z" duration-ms="35">
      <class name="com.webtes.demo.Demo1">
        <test-method signature="changeIframe()[pri:0, instance:com.webtes.demo.Demo1@15bbf42f]" started-at="2018-11-21T08:05:30Z" name="changeIframe" description="主窗口与iframe之间的切换" finished-at="2018-11-21T08:05:30Z" duration-ms="9" status="PASS">
          <reporter-output>
            <line>
              <![CDATA[lalala]]>
            </line>
          </reporter-output>
        </test-method> <!-- changeIframe -->
      </class> <!-- com.webtes.demo.Demo1 -->
    </test> <!-- Default test -->
  </suite> <!-- Default suite -->
</testng-results>
