<?xml version="1.0" encoding="UTF-8"?>
<testng-results ignored="0" total="2" passed="2" failed="0" skipped="0">
  <reporter-output>
    <line>
      <![CDATA[lalala]]>
    </line>
  </reporter-output>
  <suite started-at="2018-11-26T08:26:55Z" name="Suite1" finished-at="2018-11-26T08:27:18Z" duration-ms="23460">
    <groups>
    </groups>
    <test started-at="2018-11-26T08:26:55Z" name="Nopackage" finished-at="2018-11-26T08:27:18Z" duration-ms="23460">
      <class name="com.webtes.demo.Admin_Login">
        <test-method is-config="true" signature="doBeforeSuite()[pri:0, instance:com.webtes.demo.Admin_Login@65e98b1c]" started-at="2018-11-26T08:26:50Z" name="doBeforeSuite" finished-at="2018-11-26T08:26:55Z" duration-ms="5018" status="PASS">
          <reporter-output>
          </reporter-output>
        </test-method> <!-- doBeforeSuite -->
        <test-method signature="loginTest()[pri:0, instance:com.webtes.demo.Admin_Login@65e98b1c]" started-at="2018-11-26T08:26:55Z" name="loginTest" description="登录" finished-at="2018-11-26T08:27:02Z" duration-ms="7044" status="PASS">
          <reporter-output>
            <line>
              <![CDATA[lalala]]>
            </line>
          </reporter-output>
        </test-method> <!-- loginTest -->
        <test-method signature="addMovie()[pri:0, instance:com.webtes.demo.Admin_Login@65e98b1c]" started-at="2018-11-26T08:27:02Z" name="addMovie" description="添加影片" finished-at="2018-11-26T08:27:18Z" depends-on-methods="com.webtes.demo.Admin_Login.loginTest" duration-ms="16402" status="PASS">
          <reporter-output>
          </reporter-output>
        </test-method> <!-- addMovie -->
        <test-method is-config="true" signature="doAfterMethod()[pri:0, instance:com.webtes.demo.Admin_Login@65e98b1c]" started-at="2018-11-26T08:27:41Z" name="doAfterMethod" finished-at="2018-11-26T08:27:41Z" duration-ms="475" status="PASS">
          <reporter-output>
          </reporter-output>
        </test-method> <!-- doAfterMethod -->
      </class> <!-- com.webtes.demo.Admin_Login -->
    </test> <!-- Nopackage -->
  </suite> <!-- Suite1 -->
</testng-results>
