<?xml version="1.0" encoding="UTF-8"?>
<testsuite name="test1"
           tests="28"
           failures="0"
           errors="0"
           skipped="0"
           time="0.003">
  <properties />
  
  
            <testcase name="testLogin" time="0.000" classname="com.webtest.demo.Front_Login_Test" />
                <testcase name="testLogin" time="0.000" classname="com.webtest.demo.Front_Login_Test" />
                <testcase name="testLogin" time="0.000" classname="com.webtest.demo.Front_Login_Test" />
                <testcase name="testLogin" time="0.000" classname="com.webtest.demo.Front_Login_Test" />
                <testcase name="testLogin" time="0.000" classname="com.webtest.demo.Front_Login_Test" />
                <testcase name="testLogin" time="0.000" classname="com.webtest.demo.Front_Login_Test" />
                <testcase name="testLogin" time="0.000" classname="com.webtest.demo.Front_Login_Test" />
                <testcase name="testLogin" time="0.000" classname="com.webtest.demo.Front_Login_Test" />
                <testcase name="testLogin" time="0.001" classname="com.webtest.demo.Front_Login_Test" />
                <testcase name="testLogin" time="0.000" classname="com.webtest.demo.Front_Login_Test" />
                <testcase name="testLogin" time="0.000" classname="com.webtest.demo.Front_Login_Test" />
                <testcase name="testLogin" time="0.000" classname="com.webtest.demo.Front_Login_Test" />
                <testcase name="testLogin" time="0.001" classname="com.webtest.demo.Front_Login_Test" />
                <testcase name="testLogin" time="0.000" classname="com.webtest.demo.Front_Login_Test" />
                <testcase name="testLogin" time="0.000" classname="com.webtest.demo.Front_Login_Test" />
                <testcase name="testLogin" time="0.000" classname="com.webtest.demo.Front_Login_Test" />
                <testcase name="testLogin" time="0.000" classname="com.webtest.demo.Front_Login_Test" />
                <testcase name="testLogin" time="0.000" classname="com.webtest.demo.Front_Login_Test" />
                <testcase name="testLogin" time="0.000" classname="com.webtest.demo.Front_Login_Test" />
                <testcase name="testLogin" time="0.000" classname="com.webtest.demo.Front_Login_Test" />
                <testcase name="testLogin" time="0.000" classname="com.webtest.demo.Front_Login_Test" />
                <testcase name="testLogin" time="0.000" classname="com.webtest.demo.Front_Login_Test" />
                <testcase name="testLogin" time="0.000" classname="com.webtest.demo.Front_Login_Test" />
                <testcase name="testLogin" time="0.000" classname="com.webtest.demo.Front_Login_Test" />
                <testcase name="testLogin" time="0.000" classname="com.webtest.demo.Front_Login_Test" />
                <testcase name="testLogin" time="0.000" classname="com.webtest.demo.Front_Login_Test" />
                <testcase name="testLogin" time="0.001" classname="com.webtest.demo.Front_Login_Test" />
                <testcase name="testLogin" time="0.000" classname="com.webtest.demo.Front_Login_Test" />
      
</testsuite>
