<?xml version="1.0" encoding="UTF-8"?>
<testng-results skipped="0" failed="0" ignored="0" total="1" passed="1">
  <reporter-output>
  </reporter-output>
  <suite name="Default suite" duration-ms="13308" started-at="2018-10-10T05:47:09Z" finished-at="2018-10-10T05:47:23Z">
    <groups>
    </groups>
    <test name="Default test" duration-ms="13308" started-at="2018-10-10T05:47:09Z" finished-at="2018-10-10T05:47:23Z">
      <class name="com.webtest.demo.Front_Login1">
        <test-method status="PASS" signature="doBeforeSuite()[pri:0, instance:com.webtest.demo.Front_Login1@480bdb19]" name="doBeforeSuite" is-config="true" duration-ms="7813" started-at="2018-10-10T05:47:01Z" finished-at="2018-10-10T05:47:09Z">
          <reporter-output>
          </reporter-output>
        </test-method> <!-- doBeforeSuite -->
        <test-method status="PASS" signature="testSearch()[pri:0, instance:com.webtest.demo.Front_Login1@480bdb19]" name="testSearch" duration-ms="13228" started-at="2018-10-10T05:47:09Z" finished-at="2018-10-10T05:47:23Z">
          <reporter-output>
          </reporter-output>
        </test-method> <!-- testSearch -->
        <test-method status="PASS" signature="doAfterMethod()[pri:0, instance:com.webtest.demo.Front_Login1@480bdb19]" name="doAfterMethod" is-config="true" duration-ms="1181" started-at="2018-10-10T05:47:23Z" finished-at="2018-10-10T05:47:24Z">
          <reporter-output>
          </reporter-output>
        </test-method> <!-- doAfterMethod -->
      </class> <!-- com.webtest.demo.Front_Login1 -->
    </test> <!-- Default test -->
  </suite> <!-- Default suite -->
</testng-results>
