<?xml version="1.0" encoding="UTF-8"?>
<testng-results ignored="0" total="1" passed="1" failed="0" skipped="0">
  <reporter-output>
  </reporter-output>
  <suite started-at="2018-10-10T06:13:52Z" name="Default suite" finished-at="2018-10-10T06:14:05Z" duration-ms="12405">
    <groups>
    </groups>
    <test started-at="2018-10-10T06:13:52Z" name="Default test" finished-at="2018-10-10T06:14:05Z" duration-ms="12405">
      <class name="com.webtest.demo.Front_Login1">
        <test-method is-config="true" signature="doBeforeSuite()[pri:0, instance:com.webtest.demo.Front_Login1@2ed2d9cb]" started-at="2018-10-10T06:13:45Z" name="doBeforeSuite" finished-at="2018-10-10T06:13:52Z" duration-ms="7896" status="PASS">
          <reporter-output>
          </reporter-output>
        </test-method> <!-- doBeforeSuite -->
        <test-method signature="testSearch()[pri:0, instance:com.webtest.demo.Front_Login1@2ed2d9cb]" started-at="2018-10-10T06:13:52Z" name="testSearch" finished-at="2018-10-10T06:14:05Z" duration-ms="12376" status="PASS">
          <reporter-output>
          </reporter-output>
        </test-method> <!-- testSearch -->
        <test-method is-config="true" signature="doAfterMethod()[pri:0, instance:com.webtest.demo.Front_Login1@2ed2d9cb]" started-at="2018-10-10T06:14:05Z" name="doAfterMethod" finished-at="2018-10-10T06:14:05Z" duration-ms="596" status="PASS">
          <reporter-output>
          </reporter-output>
        </test-method> <!-- doAfterMethod -->
      </class> <!-- com.webtest.demo.Front_Login1 -->
    </test> <!-- Default test -->
  </suite> <!-- Default suite -->
</testng-results>
