<?xml version="1.0" encoding="UTF-8"?>
<!-- Generated by org.testng.reporters.JUnitReportReporter -->
<testsuite hostname="LAPTOP-SLURSDT2" failures="0" tests="2" name="com.xinhu.customertest.test.Login_test" time="15.264" errors="0" timestamp="27 11月 2018 13:50:29 GMT" skipped="0">
  <testcase classname="com.xinhu.customertest.test.Login_test" name="Login_Fail" time="7.671"/>
  <testcase classname="com.xinhu.customertest.test.Login_test" name="Login_success" time="7.593"/>
</testsuite> <!-- com.xinhu.customertest.test.Login_test -->
