<?xml version="1.0" encoding="UTF-8"?>
<!-- Generated by org.testng.reporters.JUnitReportReporter -->
<testsuite hostname="LAPTOP-U7EES6NV" failures="0" tests="2" name="com.webtest.demo.Front_Login_Test" time="16.574" errors="0" timestamp="26 11月 2018 07:06:29 GMT" skipped="0">
  <testcase classname="com.webtest.demo.Front_Login_Test" name="testLogin" time="12.719"/>
  <testcase classname="com.webtest.demo.Front_Login_Test" name="testLogin" time="3.855"/>
</testsuite> <!-- com.webtest.demo.Front_Login_Test -->
