<?xml version="1.0" encoding="UTF-8"?>
<testng-results ignored="0" total="1" passed="1" failed="0" skipped="0">
  <reporter-output>
  </reporter-output>
  <suite started-at="2018-11-19T07:02:01Z" name="Default suite" finished-at="2018-11-19T07:02:24Z" duration-ms="23540">
    <groups>
    </groups>
    <test started-at="2018-11-19T07:02:01Z" name="Default test" finished-at="2018-11-19T07:02:24Z" duration-ms="23540">
      <class name="com.webtest.core.SendReport">
        <test-method signature="sendmail()[pri:4, instance:com.webtest.core.SendReport@485966cc]" started-at="2018-11-19T07:02:01Z" name="sendmail" finished-at="2018-11-19T07:02:24Z" duration-ms="23495" status="PASS">
          <reporter-output>
          </reporter-output>
        </test-method> <!-- sendmail -->
      </class> <!-- com.webtest.core.SendReport -->
    </test> <!-- Default test -->
  </suite> <!-- Default suite -->
</testng-results>
