<?xml version="1.0" encoding="UTF-8"?>
<!-- Generated by org.testng.reporters.JUnitXMLReporter -->
<testsuite hostname="LAPTOP-U7EES6NV" ignored="0" name="GetTransportFee" tests="50" failures="7" timestamp="26 十二月 2018 07:09:56 GMT" time="8.431" errors="0">
  <testcase name="test_Login1" time="0.896" classname="com.edu.test.loginTest"/>
  <testcase name="test_Login10" time="0.078" classname="com.edu.test.loginTest"/>
  <testcase name="test_Login11" time="0.11" classname="com.edu.test.loginTest"/>
  <testcase name="test_Login12" time="0.098" classname="com.edu.test.loginTest"/>
  <testcase name="test_Login2" time="0.095" classname="com.edu.test.loginTest"/>
  <testcase name="test_Login3" time="0.099" classname="com.edu.test.loginTest"/>
  <testcase name="test_Login4" time="0.089" classname="com.edu.test.loginTest"/>
  <testcase name="test_Login5" time="0.091" classname="com.edu.test.loginTest"/>
  <testcase name="test_Login6" time="0.084" classname="com.edu.test.loginTest"/>
  <testcase name="test_Login7" time="0.087" classname="com.edu.test.loginTest"/>
  <testcase name="test_Login8" time="0.076" classname="com.edu.test.loginTest"/>
  <testcase name="test_Login9" time="0.097" classname="com.edu.test.loginTest"/>
  <testcase name="testSkuList1" time="0.104" classname="com.edu.test.SkuListTest"/>
  <testcase name="testSkuList2" time="0.099" classname="com.edu.test.SkuListTest"/>
  <testcase name="testSkuList6" time="0.11" classname="com.edu.test.SkuListTest">
    <failure type="java.lang.Exception" message="the Text: &amp;apos;header&amp;apos; is not Present!">
      <![CDATA[java.lang.Exception: the Text: 'header' is not Present!
at com.edu.utils.Checker.verifyTextPresent(Checker.java:41)
at com.edu.test.SkuListTest.testSkuList6(SkuListTest.java:71)
... Removed 25 stack frames]]>
    </failure>
  </testcase> <!-- testSkuList6 -->
  <testcase name="testSkuLlist3" time="0.095" classname="com.edu.test.SkuListTest">
    <failure type="java.lang.Exception" message="the Text: &amp;apos;ID&amp;apos; is not Present!">
      <![CDATA[java.lang.Exception: the Text: 'ID' is not Present!
at com.edu.utils.Checker.verifyTextPresent(Checker.java:41)
at com.edu.test.SkuListTest.testSkuLlist3(SkuListTest.java:53)
... Removed 25 stack frames]]>
    </failure>
  </testcase> <!-- testSkuLlist3 -->
  <testcase name="testSkuLlist4" time="0.086" classname="com.edu.test.SkuListTest"/>
  <testcase name="KonDetail" time="0.206" classname="com.edu.test.JK">
    <failure type="java.lang.AssertionError" message="expected [success] but found [最多只能添加6个地址]">
      <![CDATA[java.lang.AssertionError: expected [success] but found [最多只能添加6个地址]
at com.edu.utils.Checker.assertXpath(Checker.java:77)
at com.edu.test.JK.KonDetail(JK.java:100)
... Removed 31 stack frames]]>
    </failure>
  </testcase> <!-- KonDetail -->
  <testcase name="KonreceiverName" time="0.171" classname="com.edu.test.JK">
    <failure type="java.lang.AssertionError" message="expected [failure] but found [最多只能添加6个地址]">
      <![CDATA[java.lang.AssertionError: expected [failure] but found [最多只能添加6个地址]
at com.edu.utils.Checker.assertXpath(Checker.java:77)
at com.edu.test.JK.KonreceiverName(JK.java:117)
... Removed 31 stack frames]]>
    </failure>
  </testcase> <!-- KonreceiverName -->
  <testcase name="newaddress" time="0.2" classname="com.edu.test.JK">
    <failure type="java.lang.AssertionError" message="expected [success] but found [最多只能添加6个地址]">
      <![CDATA[java.lang.AssertionError: expected [success] but found [最多只能添加6个地址]
at com.edu.utils.Checker.assertXpath(Checker.java:77)
at com.edu.test.JK.newaddress(JK.java:65)
... Removed 31 stack frames]]>
    </failure>
  </testcase> <!-- newaddress -->
  <testcase name="newsameaddress" time="0.189" classname="com.edu.test.JK">
    <failure type="java.lang.AssertionError" message="expected [success] but found [最多只能添加6个地址]">
      <![CDATA[java.lang.AssertionError: expected [success] but found [最多只能添加6个地址]
at com.edu.utils.Checker.assertXpath(Checker.java:77)
at com.edu.test.JK.newsameaddress(JK.java:83)
... Removed 31 stack frames]]>
    </failure>
  </testcase> <!-- newsameaddress -->
  <testcase name="testGetTranportFeeBySpecial" time="0.082" classname="com.edu.test.HttpClientForGetTransportFeeTest"/>
  <testcase name="testGetTransportFeeByAreaError" time="0.093" classname="com.edu.test.HttpClientForGetTransportFeeTest"/>
  <testcase name="testGetTransportFeeByCityAreaError" time="0.078" classname="com.edu.test.HttpClientForGetTransportFeeTest"/>
  <testcase name="testGetTransportFeeByCityError" time="0.081" classname="com.edu.test.HttpClientForGetTransportFeeTest"/>
  <testcase name="testGetTransportFeeByDirectly" time="0.088" classname="com.edu.test.HttpClientForGetTransportFeeTest"/>
  <testcase name="testGetTransportFeeById" time="0.089" classname="com.edu.test.HttpClientForGetTransportFeeTest"/>
  <testcase name="testGetTransportFeeByIdError" time="0.09" classname="com.edu.test.HttpClientForGetTransportFeeTest"/>
  <testcase name="testGetTransportFeeByMuni" time="0.084" classname="com.edu.test.HttpClientForGetTransportFeeTest"/>
  <testcase name="testGetTransportFeeByNullId" time="0.081" classname="com.edu.test.HttpClientForGetTransportFeeTest"/>
  <testcase name="testGetTransportFeeSuccess" time="0.094" classname="com.edu.test.HttpClientForGetTransportFeeTest"/>
  <testcase name="TestAddList1" time="0.194" classname="com.edu.test.AddList"/>
  <testcase name="TestAddList2" time="0.161" classname="com.edu.test.AddList"/>
  <testcase name="TestAddList3" time="0.186" classname="com.edu.test.AddList"/>
  <testcase name="TestAddList4" time="0.199" classname="com.edu.test.AddList"/>
  <testcase name="TestAddList5" time="0.173" classname="com.edu.test.AddList"/>
  <testcase name="TestAddList6" time="0.191" classname="com.edu.test.AddList"/>
  <testcase name="AddressDeleteFail1" time="0.174" classname="com.edu.test.QGDelete"/>
  <testcase name="AddressDeleteFail2" time="0.181" classname="com.edu.test.QGDelete"/>
  <testcase name="AddressDeleteFail3" time="0.188" classname="com.edu.test.QGDelete"/>
  <testcase name="AddressDeleteSuccess" time="0.205" classname="com.edu.test.QGDelete">
    <failure type="net.sf.json.JSONException" message="JSONObject[&amp;quot;list&amp;quot;] is not a JSONArray.">
      <![CDATA[net.sf.json.JSONException: JSONObject["list"] is not a JSONArray.
at net.sf.json.JSONObject.getJSONArray(JSONObject.java:2038)
at com.edu.test.QGDelete.Getid(QGDelete.java:30)
at com.edu.test.QGDelete.AddressDeleteSuccess(QGDelete.java:49)
... Removed 25 stack frames]]>
    </failure>
  </testcase> <!-- AddressDeleteSuccess -->
  <testcase name="loginSuccess" time="0.101" classname="com.edu.test.SubmitTest"/>
  <testcase name="changjing4" time="0.378" classname="com.edu.test.ChangJing_test"/>
  <testcase name="testAddress" time="0.21" classname="com.edu.test.SceneTest"/>
  <testcase name="testSkuList" time="0.173" classname="com.edu.test.SceneTest"/>
  <testcase name="testSubmit" time="0.186" classname="com.edu.test.SceneTest"/>
  <testcase name="testTransport" time="0.193" classname="com.edu.test.SceneTest"/>
  <testcase name="submit" time="0.089" classname="com.edu.test.SubmitTest"/>
  <testcase name="submit11" time="0.05" classname="com.edu.test.SubmitTest"/>
  <testcase name="submit1" time="0.05" classname="com.edu.test.SubmitTest"/>
</testsuite> <!-- GetTransportFee -->
