<?xml version="1.0" encoding="UTF-8"?>
<testng-results ignored="0" total="2" passed="2" failed="0" skipped="0">
  <reporter-output>
  </reporter-output>
  <suite started-at="2018-11-26T07:05:46Z" name="s1" finished-at="2018-11-26T07:06:11Z" duration-ms="24841">
    <groups>
    </groups>
    <test started-at="2018-11-26T07:05:46Z" name="test1" finished-at="2018-11-26T07:06:11Z" duration-ms="24841">
      <class name="com.webtest.demo.Front_Login_Test">
        <test-method is-config="true" signature="doBeforeSuite()[pri:0, instance:com.webtest.demo.Front_Login_Test@d35dea7]" started-at="2018-11-26T07:05:46Z" name="doBeforeSuite" finished-at="2018-11-26T07:05:53Z" duration-ms="7297" status="PASS">
          <reporter-output>
          </reporter-output>
        </test-method> <!-- doBeforeSuite -->
        <test-method is-config="true" signature="setup()[pri:0, instance:com.webtest.demo.Front_Login_Test@d35dea7]" started-at="2018-11-26T07:05:53Z" name="setup" finished-at="2018-11-26T07:05:53Z" duration-ms="1" status="PASS">
          <reporter-output>
          </reporter-output>
        </test-method> <!-- setup -->
        <test-method signature="testLogin(java.lang.String, java.lang.String)[pri:0, instance:com.webtest.demo.Front_Login_Test@d35dea7]" started-at="2018-11-26T07:05:53Z" name="testLogin" data-provider="txt" finished-at="2018-11-26T07:06:06Z" duration-ms="12719" status="PASS">
          <params>
            <param index="0">
              <value>
                <![CDATA[qingdao01]]>
              </value>
            </param>
            <param index="1">
              <value>
                <![CDATA[123456]]>
              </value>
            </param>
          </params>
          <reporter-output>
          </reporter-output>
        </test-method> <!-- testLogin -->
        <test-method is-config="true" signature="setup()[pri:0, instance:com.webtest.demo.Front_Login_Test@d35dea7]" started-at="2018-11-26T07:06:06Z" name="setup" finished-at="2018-11-26T07:06:06Z" duration-ms="0" status="PASS">
          <reporter-output>
          </reporter-output>
        </test-method> <!-- setup -->
        <test-method signature="testLogin(java.lang.String, java.lang.String)[pri:0, instance:com.webtest.demo.Front_Login_Test@d35dea7]" started-at="2018-11-26T07:06:06Z" name="testLogin" data-provider="txt" finished-at="2018-11-26T07:06:10Z" duration-ms="3854" status="PASS">
          <params>
            <param index="0">
              <value>
                <![CDATA[qingdao02]]>
              </value>
            </param>
            <param index="1">
              <value>
                <![CDATA[123456]]>
              </value>
            </param>
          </params>
          <reporter-output>
          </reporter-output>
        </test-method> <!-- testLogin -->
        <test-method is-config="true" signature="doAfterMethod()[pri:0, instance:com.webtest.demo.Front_Login_Test@d35dea7]" started-at="2018-11-26T07:06:10Z" name="doAfterMethod" finished-at="2018-11-26T07:06:11Z" duration-ms="933" status="PASS">
          <reporter-output>
          </reporter-output>
        </test-method> <!-- doAfterMethod -->
      </class> <!-- com.webtest.demo.Front_Login_Test -->
    </test> <!-- test1 -->
  </suite> <!-- s1 -->
</testng-results>
